2019-04-29 17:10:46.772 [restartedMain] [com.weather.bigdata.it.cluster.Application] [INFO] - Starting Application on Felix-PC with PID 26164 (F:\WorkSpace\IDEAWorkSpace\spark_hdfs_server\target\classes started by wingc in F:\WorkSpace\IDEAWorkSpace\spark_hdfs_server)
2019-04-29 17:10:46.780 [restartedMain] [com.weather.bigdata.it.cluster.Application] [INFO] - The following profiles are active: prod
2019-04-29 17:10:47.047 [restartedMain] [org.springframework.boot.context.embedded.AnnotationConfigEmbeddedWebApplicationContext] [INFO] - Refreshing org.springframework.boot.context.embedded.AnnotationConfigEmbeddedWebApplicationContext@7ea2836d: startup date [Mon Apr 29 17:10:47 CST 2019]; root of context hierarchy
2019-04-29 17:10:47.088 [background-preinit] [org.hibernate.validator.internal.util.Version] [INFO] - HV000001: Hibernate Validator 5.3.6.Final
2019-04-29 17:10:48.120 [restartedMain] [org.springframework.beans.factory.annotation.AutowiredAnnotationBeanPostProcessor] [INFO] - JSR-330 'javax.inject.Inject' annotation found and supported for autowiring
2019-04-29 17:10:48.835 [restartedMain] [org.springframework.boot.context.embedded.tomcat.TomcatEmbeddedServletContainer] [INFO] - Tomcat initialized with port(s): 8081 (http)
2019-04-29 17:10:48.848 [restartedMain] [org.apache.coyote.http11.Http11NioProtocol] [INFO] - Initializing ProtocolHandler ["http-nio-8081"]
2019-04-29 17:10:48.860 [restartedMain] [org.apache.catalina.core.StandardService] [INFO] - Starting service [Tomcat]
2019-04-29 17:10:48.860 [restartedMain] [org.apache.catalina.core.StandardEngine] [INFO] - Starting Servlet Engine: Apache Tomcat/8.5.34
2019-04-29 17:10:48.985 [localhost-startStop-1] [org.apache.catalina.core.ContainerBase.[Tomcat].[localhost].[/]] [INFO] - Initializing Spring embedded WebApplicationContext
2019-04-29 17:10:48.986 [localhost-startStop-1] [org.springframework.web.context.ContextLoader] [INFO] - Root WebApplicationContext: initialization completed in 1939 ms
2019-04-29 17:10:49.129 [localhost-startStop-1] [org.springframework.boot.web.servlet.ServletRegistrationBean] [INFO] - Mapping servlet: 'dispatcherServlet' to [/]
2019-04-29 17:10:49.135 [localhost-startStop-1] [org.springframework.boot.web.servlet.FilterRegistrationBean] [INFO] - Mapping filter: 'characterEncodingFilter' to: [/*]
2019-04-29 17:10:49.136 [localhost-startStop-1] [org.springframework.boot.web.servlet.FilterRegistrationBean] [INFO] - Mapping filter: 'hiddenHttpMethodFilter' to: [/*]
2019-04-29 17:10:49.136 [localhost-startStop-1] [org.springframework.boot.web.servlet.FilterRegistrationBean] [INFO] - Mapping filter: 'httpPutFormContentFilter' to: [/*]
2019-04-29 17:10:49.136 [localhost-startStop-1] [org.springframework.boot.web.servlet.FilterRegistrationBean] [INFO] - Mapping filter: 'requestContextFilter' to: [/*]
2019-04-29 17:10:49.464 [restartedMain] [org.springframework.web.servlet.mvc.method.annotation.RequestMappingHandlerAdapter] [INFO] - Looking for @ControllerAdvice: org.springframework.boot.context.embedded.AnnotationConfigEmbeddedWebApplicationContext@7ea2836d: startup date [Mon Apr 29 17:10:47 CST 2019]; root of context hierarchy
2019-04-29 17:10:49.532 [restartedMain] [org.springframework.web.servlet.mvc.method.annotation.RequestMappingHandlerMapping] [INFO] - Mapped "{[/operation/exit],methods=[POST]}" onto public static java.lang.Object com.weather.bigdata.it.cluster.controller.exitApplication.verify(javax.servlet.http.HttpServletRequest,java.lang.String,java.lang.String)
2019-04-29 17:10:49.533 [restartedMain] [org.springframework.web.servlet.mvc.method.annotation.RequestMappingHandlerMapping] [INFO] - Mapped "{[/submit/job],methods=[POST]}" onto public static java.lang.Object com.weather.bigdata.it.cluster.controller.job.verify(javax.servlet.http.HttpServletRequest,java.lang.String,java.lang.String,java.lang.String,java.lang.String,java.lang.String)
2019-04-29 17:10:49.534 [restartedMain] [org.springframework.web.servlet.mvc.method.annotation.RequestMappingHandlerMapping] [INFO] - Mapped "{[/operation/mvjar],methods=[POST]}" onto public static java.lang.Object com.weather.bigdata.it.cluster.controller.mvjar.verify(javax.servlet.http.HttpServletRequest,java.lang.String,java.lang.String,java.lang.String,java.lang.String,java.lang.String)
2019-04-29 17:10:49.534 [restartedMain] [org.springframework.web.servlet.mvc.method.annotation.RequestMappingHandlerMapping] [INFO] - Mapped "{[/reset/delete],methods=[POST]}" onto public static java.lang.Object com.weather.bigdata.it.cluster.controller.resetdelete.verify(javax.servlet.http.HttpServletRequest,java.lang.String,java.lang.String,java.lang.String,java.lang.String)
2019-04-29 17:10:49.534 [restartedMain] [org.springframework.web.servlet.mvc.method.annotation.RequestMappingHandlerMapping] [INFO] - Mapped "{[/deploy/upload],methods=[POST]}" onto public static java.lang.Object com.weather.bigdata.it.cluster.controller.upload.verify(javax.servlet.http.HttpServletRequest,java.lang.String,java.lang.String,java.lang.String,java.lang.String,org.springframework.web.multipart.MultipartFile)
2019-04-29 17:10:49.535 [restartedMain] [org.springframework.web.servlet.mvc.method.annotation.RequestMappingHandlerMapping] [INFO] - Mapped "{[/deploy/uploadMyself],methods=[POST]}" onto public static java.lang.Object com.weather.bigdata.it.cluster.controller.uploadMyself.verify(javax.servlet.http.HttpServletRequest,java.lang.String,java.lang.String,java.lang.String,org.springframework.web.multipart.MultipartFile)
2019-04-29 17:10:49.535 [restartedMain] [org.springframework.web.servlet.mvc.method.annotation.RequestMappingHandlerMapping] [INFO] - Mapped "{[/deploy/reparameter],methods=[POST]}" onto public static java.lang.Object com.weather.bigdata.it.cluster.controller.uploadParameter.verify(javax.servlet.http.HttpServletRequest,java.lang.String,java.lang.String,java.lang.String,org.springframework.web.multipart.MultipartFile)
2019-04-29 17:10:49.539 [restartedMain] [org.springframework.web.servlet.mvc.method.annotation.RequestMappingHandlerMapping] [INFO] - Mapped "{[/deploy],methods=[GET]}" onto public java.lang.String com.weather.bigdata.it.cluster.htmlController.deploy.deploy()
2019-04-29 17:10:49.539 [restartedMain] [org.springframework.web.servlet.mvc.method.annotation.RequestMappingHandlerMapping] [INFO] - Mapped "{[/deploy/helloworld],methods=[GET]}" onto public java.lang.String com.weather.bigdata.it.cluster.htmlController.deploy.hello()
2019-04-29 17:10:49.540 [restartedMain] [org.springframework.web.servlet.mvc.method.annotation.RequestMappingHandlerMapping] [INFO] - Mapped "{[/deployMyself/helloworld],methods=[GET]}" onto public java.lang.String com.weather.bigdata.it.cluster.htmlController.deployMyself.hello()
2019-04-29 17:10:49.541 [restartedMain] [org.springframework.web.servlet.mvc.method.annotation.RequestMappingHandlerMapping] [INFO] - Mapped "{[/deployMyself],methods=[GET]}" onto public java.lang.String com.weather.bigdata.it.cluster.htmlController.deployMyself.deployMyself()
2019-04-29 17:10:49.541 [restartedMain] [org.springframework.web.servlet.mvc.method.annotation.RequestMappingHandlerMapping] [INFO] - Mapped "{[/exit],methods=[GET]}" onto public java.lang.String com.weather.bigdata.it.cluster.htmlController.exit.exit()
2019-04-29 17:10:49.542 [restartedMain] [org.springframework.web.servlet.mvc.method.annotation.RequestMappingHandlerMapping] [INFO] - Mapped "{[/exit/helloworld],methods=[GET]}" onto public java.lang.String com.weather.bigdata.it.cluster.htmlController.exit.hello()
2019-04-29 17:10:49.543 [restartedMain] [org.springframework.web.servlet.mvc.method.annotation.RequestMappingHandlerMapping] [INFO] - Mapped "{[/mvregion/helloworld],methods=[GET]}" onto public java.lang.String com.weather.bigdata.it.cluster.htmlController.mvregion.hello()
2019-04-29 17:10:49.543 [restartedMain] [org.springframework.web.servlet.mvc.method.annotation.RequestMappingHandlerMapping] [INFO] - Mapped "{[/mvregion],methods=[GET]}" onto public java.lang.String com.weather.bigdata.it.cluster.htmlController.mvregion.mvregion()
2019-04-29 17:10:49.544 [restartedMain] [org.springframework.web.servlet.mvc.method.annotation.RequestMappingHandlerMapping] [INFO] - Mapped "{[/reparameter/helloworld],methods=[GET]}" onto public java.lang.String com.weather.bigdata.it.cluster.htmlController.reparameter.hello()
2019-04-29 17:10:49.544 [restartedMain] [org.springframework.web.servlet.mvc.method.annotation.RequestMappingHandlerMapping] [INFO] - Mapped "{[/reparameter],methods=[GET]}" onto public java.lang.String com.weather.bigdata.it.cluster.htmlController.reparameter.reparameter()
2019-04-29 17:10:49.545 [restartedMain] [org.springframework.web.servlet.mvc.method.annotation.RequestMappingHandlerMapping] [INFO] - Mapped "{[/reset],methods=[GET]}" onto public java.lang.String com.weather.bigdata.it.cluster.htmlController.reset.reset()
2019-04-29 17:10:49.545 [restartedMain] [org.springframework.web.servlet.mvc.method.annotation.RequestMappingHandlerMapping] [INFO] - Mapped "{[/reset/helloworld],methods=[GET]}" onto public java.lang.String com.weather.bigdata.it.cluster.htmlController.reset.hello()
2019-04-29 17:10:49.546 [restartedMain] [org.springframework.web.servlet.mvc.method.annotation.RequestMappingHandlerMapping] [INFO] - Mapped "{[/submit],methods=[GET]}" onto public java.lang.String com.weather.bigdata.it.cluster.htmlController.submit.submit()
2019-04-29 17:10:49.546 [restartedMain] [org.springframework.web.servlet.mvc.method.annotation.RequestMappingHandlerMapping] [INFO] - Mapped "{[/submit/helloworld],methods=[GET]}" onto public java.lang.String com.weather.bigdata.it.cluster.htmlController.submit.hello()
2019-04-29 17:10:49.548 [restartedMain] [org.springframework.web.servlet.mvc.method.annotation.RequestMappingHandlerMapping] [INFO] - Mapped "{[/error]}" onto public org.springframework.http.ResponseEntity<java.util.Map<java.lang.String, java.lang.Object>> org.springframework.boot.autoconfigure.web.BasicErrorController.error(javax.servlet.http.HttpServletRequest)
2019-04-29 17:10:49.548 [restartedMain] [org.springframework.web.servlet.mvc.method.annotation.RequestMappingHandlerMapping] [INFO] - Mapped "{[/error],produces=[text/html]}" onto public org.springframework.web.servlet.ModelAndView org.springframework.boot.autoconfigure.web.BasicErrorController.errorHtml(javax.servlet.http.HttpServletRequest,javax.servlet.http.HttpServletResponse)
2019-04-29 17:10:49.576 [restartedMain] [org.springframework.web.servlet.handler.SimpleUrlHandlerMapping] [INFO] - Mapped URL path [/webjars/**] onto handler of type [class org.springframework.web.servlet.resource.ResourceHttpRequestHandler]
2019-04-29 17:10:49.576 [restartedMain] [org.springframework.web.servlet.handler.SimpleUrlHandlerMapping] [INFO] - Mapped URL path [/**] onto handler of type [class org.springframework.web.servlet.resource.ResourceHttpRequestHandler]
2019-04-29 17:10:49.612 [restartedMain] [org.springframework.web.servlet.handler.SimpleUrlHandlerMapping] [INFO] - Mapped URL path [/**/favicon.ico] onto handler of type [class org.springframework.web.servlet.resource.ResourceHttpRequestHandler]
2019-04-29 17:10:50.143 [restartedMain] [org.springframework.boot.devtools.autoconfigure.OptionalLiveReloadServer] [INFO] - LiveReload server is running on port 35729
2019-04-29 17:10:50.188 [restartedMain] [org.springframework.jmx.export.annotation.AnnotationMBeanExporter] [INFO] - Registering beans for JMX exposure on startup
2019-04-29 17:10:50.199 [restartedMain] [org.apache.coyote.http11.Http11NioProtocol] [INFO] - Starting ProtocolHandler ["http-nio-8081"]
2019-04-29 17:10:50.207 [restartedMain] [org.apache.tomcat.util.net.NioSelectorPool] [INFO] - Using a shared selector for servlet write/read
2019-04-29 17:10:50.220 [restartedMain] [org.springframework.boot.context.embedded.tomcat.TomcatEmbeddedServletContainer] [INFO] - Tomcat started on port(s): 8081 (http)
2019-04-29 17:10:50.227 [restartedMain] [com.weather.bigdata.it.cluster.Application] [INFO] - Started Application in 4.058 seconds (JVM running for 4.919)
2019-04-29 17:10:52.537 [http-nio-8081-exec-1] [org.apache.catalina.core.ContainerBase.[Tomcat].[localhost].[/]] [INFO] - Initializing Spring FrameworkServlet 'dispatcherServlet'
2019-04-29 17:10:52.537 [http-nio-8081-exec-1] [org.springframework.web.servlet.DispatcherServlet] [INFO] - FrameworkServlet 'dispatcherServlet': initialization started
2019-04-29 17:10:52.561 [http-nio-8081-exec-1] [org.springframework.web.servlet.DispatcherServlet] [INFO] - FrameworkServlet 'dispatcherServlet': initialization completed in 24 ms
2019-04-29 17:10:52.608 [http-nio-8081-exec-1] [org.thymeleaf.TemplateEngine] [INFO] - [THYMELEAF] INITIALIZING TEMPLATE ENGINE
2019-04-29 17:10:52.652 [http-nio-8081-exec-1] [org.thymeleaf.templateresolver.AbstractTemplateResolver] [INFO] - [THYMELEAF] INITIALIZING TEMPLATE RESOLVER: org.thymeleaf.spring4.templateresolver.SpringResourceTemplateResolver
2019-04-29 17:10:52.652 [http-nio-8081-exec-1] [org.thymeleaf.templateresolver.AbstractTemplateResolver] [INFO] - [THYMELEAF] TEMPLATE RESOLVER INITIALIZED OK
2019-04-29 17:10:52.653 [http-nio-8081-exec-1] [org.thymeleaf.messageresolver.AbstractMessageResolver] [INFO] - [THYMELEAF] INITIALIZING MESSAGE RESOLVER: org.thymeleaf.spring4.messageresolver.SpringMessageResolver
2019-04-29 17:10:52.653 [http-nio-8081-exec-1] [org.thymeleaf.messageresolver.AbstractMessageResolver] [INFO] - [THYMELEAF] MESSAGE RESOLVER INITIALIZED OK
2019-04-29 17:10:52.656 [http-nio-8081-exec-1] [org.thymeleaf.TemplateEngine.CONFIG] [INFO] - [THYMELEAF] TEMPLATE ENGINE CONFIGURATION:
[THYMELEAF] * Cache Factory implementation: org.thymeleaf.cache.StandardCacheManager
[THYMELEAF] * Template modes:
[THYMELEAF]     * LEGACYHTML5
[THYMELEAF]     * VALIDXHTML
[THYMELEAF]     * VALIDXML
[THYMELEAF]     * HTML5
[THYMELEAF]     * XML
[THYMELEAF]     * XHTML
[THYMELEAF] * Template resolvers (in order):
[THYMELEAF]     * org.thymeleaf.spring4.templateresolver.SpringResourceTemplateResolver
[THYMELEAF] * Message resolvers (in order):
[THYMELEAF]     * org.thymeleaf.spring4.messageresolver.SpringMessageResolver
[THYMELEAF] * Dialect [1 of 2]: org.thymeleaf.spring4.dialect.SpringStandardDialect
[THYMELEAF]     * Prefix: "th"
[THYMELEAF] * Dialect [2 of 2]: nz.net.ultraq.thymeleaf.LayoutDialect
[THYMELEAF]     * Prefix: "layout"
[THYMELEAF] TEMPLATE ENGINE CONFIGURED OK
2019-04-29 17:10:52.656 [http-nio-8081-exec-1] [org.thymeleaf.TemplateEngine] [INFO] - [THYMELEAF] TEMPLATE ENGINE INITIALIZED
2019-04-29 17:11:15.969 [http-nio-8081-exec-3] [com.weather.bigdata.it.cluster.db.localDB] [INFO] - accountFile=/F:/WorkSpace/IDEAWorkSpace/spark_hdfs_server/src/test/resources_out/accountRegistration.properties
2019-04-29 17:11:16.320 [http-nio-8081-exec-3] [com.weather.bigdata.it.cluster.verification] [INFO] - root注册通过,身份为root
2019-04-29 17:11:16.321 [http-nio-8081-exec-3] [com.weather.bigdata.it.cluster.verification] [INFO] - root;remoteUser(null),remoteHost(0:0:0:0:0:0:0:1:51031),remoteAddr(0:0:0:0:0:0:0:1)
2019-04-29 17:11:16.321 [http-nio-8081-exec-3] [com.weather.bigdata.it.cluster.controller.uploadMyself] [INFO] - user(root)申请更新本接口服务
2019-04-29 17:11:16.399 [http-nio-8081-exec-3] [com.weather.bigdata.it.cluster.controller.uploadMyself] [INFO] - 文件【Gr2b_TEM_out.properties】上传成功。;文件写入时间:0s,写入地址:/F:/tmp//example1//Gr2b_TEM_out.properties
2019-04-29 17:11:16.399 [http-nio-8081-exec-3] [com.weather.bigdata.it.cluster.controller.uploadMyself] [INFO] - 用户请求更新服务接口。
2019-04-29 17:11:16.399 [http-nio-8081-exec-3] [com.weather.bigdata.it.cluster.controller.uploadMyself] [INFO] - 用户root请求更新接口
2019-04-29 17:11:16.453 [http-nio-8081-exec-3] [com.weather.bigdata.it.cluster.controller.uploadMyself] [INFO] - 用户请求重启服务，服务器返回结果为：{"isMt":"true","msg":"文件【Gr2b_TEM_out.properties】上传成功。","fileName":"Gr2b_TEM_out.properties","role":"root","isRoot":"true","isIt":"true","pass":"true","isAdmin1":"true","uploadMyself_Msg":"user(root)申请更新本接口服务","isAdmin0":"true","exampleKey":"example1","服务返回时间":"Mon Apr 29 17:11:16 CST 2019","服务返回时间戳":"1556529076400","register":"false","status":"success"}。
2019-04-29 17:11:54.877 [restartedMain] [com.weather.bigdata.it.cluster.Application] [INFO] - Starting Application on Felix-PC with PID 21592 (F:\WorkSpace\IDEAWorkSpace\spark_hdfs_server\target\classes started by wingc in F:\WorkSpace\IDEAWorkSpace\spark_hdfs_server)
2019-04-29 17:11:54.877 [restartedMain] [com.weather.bigdata.it.cluster.Application] [INFO] - The following profiles are active: prod
2019-04-29 17:11:55.125 [restartedMain] [org.springframework.boot.context.embedded.AnnotationConfigEmbeddedWebApplicationContext] [INFO] - Refreshing org.springframework.boot.context.embedded.AnnotationConfigEmbeddedWebApplicationContext@17974b2e: startup date [Mon Apr 29 17:11:55 CST 2019]; root of context hierarchy
2019-04-29 17:11:55.191 [background-preinit] [org.hibernate.validator.internal.util.Version] [INFO] - HV000001: Hibernate Validator 5.3.6.Final
2019-04-29 17:11:56.540 [restartedMain] [org.springframework.beans.factory.annotation.AutowiredAnnotationBeanPostProcessor] [INFO] - JSR-330 'javax.inject.Inject' annotation found and supported for autowiring
2019-04-29 17:11:57.358 [restartedMain] [org.springframework.boot.context.embedded.tomcat.TomcatEmbeddedServletContainer] [INFO] - Tomcat initialized with port(s): 8081 (http)
2019-04-29 17:11:57.375 [restartedMain] [org.apache.coyote.http11.Http11NioProtocol] [INFO] - Initializing ProtocolHandler ["http-nio-8081"]
2019-04-29 17:11:57.388 [restartedMain] [org.apache.catalina.core.StandardService] [INFO] - Starting service [Tomcat]
2019-04-29 17:11:57.388 [restartedMain] [org.apache.catalina.core.StandardEngine] [INFO] - Starting Servlet Engine: Apache Tomcat/8.5.34
2019-04-29 17:11:57.530 [localhost-startStop-1] [org.apache.catalina.core.ContainerBase.[Tomcat].[localhost].[/]] [INFO] - Initializing Spring embedded WebApplicationContext
2019-04-29 17:11:57.530 [localhost-startStop-1] [org.springframework.web.context.ContextLoader] [INFO] - Root WebApplicationContext: initialization completed in 2405 ms
2019-04-29 17:11:57.696 [localhost-startStop-1] [org.springframework.boot.web.servlet.ServletRegistrationBean] [INFO] - Mapping servlet: 'dispatcherServlet' to [/]
2019-04-29 17:11:57.701 [localhost-startStop-1] [org.springframework.boot.web.servlet.FilterRegistrationBean] [INFO] - Mapping filter: 'characterEncodingFilter' to: [/*]
2019-04-29 17:11:57.701 [localhost-startStop-1] [org.springframework.boot.web.servlet.FilterRegistrationBean] [INFO] - Mapping filter: 'hiddenHttpMethodFilter' to: [/*]
2019-04-29 17:11:57.701 [localhost-startStop-1] [org.springframework.boot.web.servlet.FilterRegistrationBean] [INFO] - Mapping filter: 'httpPutFormContentFilter' to: [/*]
2019-04-29 17:11:57.702 [localhost-startStop-1] [org.springframework.boot.web.servlet.FilterRegistrationBean] [INFO] - Mapping filter: 'requestContextFilter' to: [/*]
2019-04-29 17:11:58.141 [restartedMain] [org.springframework.web.servlet.mvc.method.annotation.RequestMappingHandlerAdapter] [INFO] - Looking for @ControllerAdvice: org.springframework.boot.context.embedded.AnnotationConfigEmbeddedWebApplicationContext@17974b2e: startup date [Mon Apr 29 17:11:55 CST 2019]; root of context hierarchy
2019-04-29 17:11:58.214 [restartedMain] [org.springframework.web.servlet.mvc.method.annotation.RequestMappingHandlerMapping] [INFO] - Mapped "{[/operation/exit],methods=[POST]}" onto public static java.lang.Object com.weather.bigdata.it.cluster.controller.exitApplication.verify(javax.servlet.http.HttpServletRequest,java.lang.String,java.lang.String)
2019-04-29 17:11:58.216 [restartedMain] [org.springframework.web.servlet.mvc.method.annotation.RequestMappingHandlerMapping] [INFO] - Mapped "{[/submit/job],methods=[POST]}" onto public static java.lang.Object com.weather.bigdata.it.cluster.controller.job.verify(javax.servlet.http.HttpServletRequest,java.lang.String,java.lang.String,java.lang.String,java.lang.String,java.lang.String)
2019-04-29 17:11:58.216 [restartedMain] [org.springframework.web.servlet.mvc.method.annotation.RequestMappingHandlerMapping] [INFO] - Mapped "{[/operation/mvjar],methods=[POST]}" onto public static java.lang.Object com.weather.bigdata.it.cluster.controller.mvjar.verify(javax.servlet.http.HttpServletRequest,java.lang.String,java.lang.String,java.lang.String,java.lang.String,java.lang.String)
2019-04-29 17:11:58.217 [restartedMain] [org.springframework.web.servlet.mvc.method.annotation.RequestMappingHandlerMapping] [INFO] - Mapped "{[/reset/delete],methods=[POST]}" onto public static java.lang.Object com.weather.bigdata.it.cluster.controller.resetdelete.verify(javax.servlet.http.HttpServletRequest,java.lang.String,java.lang.String,java.lang.String,java.lang.String)
2019-04-29 17:11:58.217 [restartedMain] [org.springframework.web.servlet.mvc.method.annotation.RequestMappingHandlerMapping] [INFO] - Mapped "{[/deploy/upload],methods=[POST]}" onto public static java.lang.Object com.weather.bigdata.it.cluster.controller.upload.verify(javax.servlet.http.HttpServletRequest,java.lang.String,java.lang.String,java.lang.String,java.lang.String,org.springframework.web.multipart.MultipartFile)
2019-04-29 17:11:58.217 [restartedMain] [org.springframework.web.servlet.mvc.method.annotation.RequestMappingHandlerMapping] [INFO] - Mapped "{[/deploy/uploadMyself],methods=[POST]}" onto public static java.lang.Object com.weather.bigdata.it.cluster.controller.uploadMyself.verify(javax.servlet.http.HttpServletRequest,java.lang.String,java.lang.String,java.lang.String,org.springframework.web.multipart.MultipartFile)
2019-04-29 17:11:58.218 [restartedMain] [org.springframework.web.servlet.mvc.method.annotation.RequestMappingHandlerMapping] [INFO] - Mapped "{[/deploy/reparameter],methods=[POST]}" onto public static java.lang.Object com.weather.bigdata.it.cluster.controller.uploadParameter.verify(javax.servlet.http.HttpServletRequest,java.lang.String,java.lang.String,java.lang.String,org.springframework.web.multipart.MultipartFile)
2019-04-29 17:11:58.221 [restartedMain] [org.springframework.web.servlet.mvc.method.annotation.RequestMappingHandlerMapping] [INFO] - Mapped "{[/deploy],methods=[GET]}" onto public java.lang.String com.weather.bigdata.it.cluster.htmlController.deploy.deploy()
2019-04-29 17:11:58.221 [restartedMain] [org.springframework.web.servlet.mvc.method.annotation.RequestMappingHandlerMapping] [INFO] - Mapped "{[/deploy/helloworld],methods=[GET]}" onto public java.lang.String com.weather.bigdata.it.cluster.htmlController.deploy.hello()
2019-04-29 17:11:58.222 [restartedMain] [org.springframework.web.servlet.mvc.method.annotation.RequestMappingHandlerMapping] [INFO] - Mapped "{[/deployMyself/helloworld],methods=[GET]}" onto public java.lang.String com.weather.bigdata.it.cluster.htmlController.deployMyself.hello()
2019-04-29 17:11:58.222 [restartedMain] [org.springframework.web.servlet.mvc.method.annotation.RequestMappingHandlerMapping] [INFO] - Mapped "{[/deployMyself],methods=[GET]}" onto public java.lang.String com.weather.bigdata.it.cluster.htmlController.deployMyself.deployMyself()
2019-04-29 17:11:58.223 [restartedMain] [org.springframework.web.servlet.mvc.method.annotation.RequestMappingHandlerMapping] [INFO] - Mapped "{[/exit],methods=[GET]}" onto public java.lang.String com.weather.bigdata.it.cluster.htmlController.exit.exit()
2019-04-29 17:11:58.223 [restartedMain] [org.springframework.web.servlet.mvc.method.annotation.RequestMappingHandlerMapping] [INFO] - Mapped "{[/exit/helloworld],methods=[GET]}" onto public java.lang.String com.weather.bigdata.it.cluster.htmlController.exit.hello()
2019-04-29 17:11:58.224 [restartedMain] [org.springframework.web.servlet.mvc.method.annotation.RequestMappingHandlerMapping] [INFO] - Mapped "{[/mvregion/helloworld],methods=[GET]}" onto public java.lang.String com.weather.bigdata.it.cluster.htmlController.mvregion.hello()
2019-04-29 17:11:58.224 [restartedMain] [org.springframework.web.servlet.mvc.method.annotation.RequestMappingHandlerMapping] [INFO] - Mapped "{[/mvregion],methods=[GET]}" onto public java.lang.String com.weather.bigdata.it.cluster.htmlController.mvregion.mvregion()
2019-04-29 17:11:58.225 [restartedMain] [org.springframework.web.servlet.mvc.method.annotation.RequestMappingHandlerMapping] [INFO] - Mapped "{[/reparameter/helloworld],methods=[GET]}" onto public java.lang.String com.weather.bigdata.it.cluster.htmlController.reparameter.hello()
2019-04-29 17:11:58.225 [restartedMain] [org.springframework.web.servlet.mvc.method.annotation.RequestMappingHandlerMapping] [INFO] - Mapped "{[/reparameter],methods=[GET]}" onto public java.lang.String com.weather.bigdata.it.cluster.htmlController.reparameter.reparameter()
2019-04-29 17:11:58.226 [restartedMain] [org.springframework.web.servlet.mvc.method.annotation.RequestMappingHandlerMapping] [INFO] - Mapped "{[/reset],methods=[GET]}" onto public java.lang.String com.weather.bigdata.it.cluster.htmlController.reset.reset()
2019-04-29 17:11:58.226 [restartedMain] [org.springframework.web.servlet.mvc.method.annotation.RequestMappingHandlerMapping] [INFO] - Mapped "{[/reset/helloworld],methods=[GET]}" onto public java.lang.String com.weather.bigdata.it.cluster.htmlController.reset.hello()
2019-04-29 17:11:58.227 [restartedMain] [org.springframework.web.servlet.mvc.method.annotation.RequestMappingHandlerMapping] [INFO] - Mapped "{[/submit],methods=[GET]}" onto public java.lang.String com.weather.bigdata.it.cluster.htmlController.submit.submit()
2019-04-29 17:11:58.227 [restartedMain] [org.springframework.web.servlet.mvc.method.annotation.RequestMappingHandlerMapping] [INFO] - Mapped "{[/submit/helloworld],methods=[GET]}" onto public java.lang.String com.weather.bigdata.it.cluster.htmlController.submit.hello()
2019-04-29 17:11:58.229 [restartedMain] [org.springframework.web.servlet.mvc.method.annotation.RequestMappingHandlerMapping] [INFO] - Mapped "{[/error]}" onto public org.springframework.http.ResponseEntity<java.util.Map<java.lang.String, java.lang.Object>> org.springframework.boot.autoconfigure.web.BasicErrorController.error(javax.servlet.http.HttpServletRequest)
2019-04-29 17:11:58.229 [restartedMain] [org.springframework.web.servlet.mvc.method.annotation.RequestMappingHandlerMapping] [INFO] - Mapped "{[/error],produces=[text/html]}" onto public org.springframework.web.servlet.ModelAndView org.springframework.boot.autoconfigure.web.BasicErrorController.errorHtml(javax.servlet.http.HttpServletRequest,javax.servlet.http.HttpServletResponse)
2019-04-29 17:11:58.266 [restartedMain] [org.springframework.web.servlet.handler.SimpleUrlHandlerMapping] [INFO] - Mapped URL path [/webjars/**] onto handler of type [class org.springframework.web.servlet.resource.ResourceHttpRequestHandler]
2019-04-29 17:11:58.266 [restartedMain] [org.springframework.web.servlet.handler.SimpleUrlHandlerMapping] [INFO] - Mapped URL path [/**] onto handler of type [class org.springframework.web.servlet.resource.ResourceHttpRequestHandler]
2019-04-29 17:11:58.320 [restartedMain] [org.springframework.web.servlet.handler.SimpleUrlHandlerMapping] [INFO] - Mapped URL path [/**/favicon.ico] onto handler of type [class org.springframework.web.servlet.resource.ResourceHttpRequestHandler]
2019-04-29 17:11:58.953 [restartedMain] [org.springframework.boot.devtools.autoconfigure.OptionalLiveReloadServer] [INFO] - LiveReload server is running on port 35729
2019-04-29 17:11:59.115 [restartedMain] [org.springframework.jmx.export.annotation.AnnotationMBeanExporter] [INFO] - Registering beans for JMX exposure on startup
2019-04-29 17:11:59.128 [restartedMain] [org.apache.coyote.http11.Http11NioProtocol] [INFO] - Starting ProtocolHandler ["http-nio-8081"]
2019-04-29 17:11:59.140 [restartedMain] [org.apache.tomcat.util.net.NioSelectorPool] [INFO] - Using a shared selector for servlet write/read
2019-04-29 17:11:59.158 [restartedMain] [org.springframework.boot.context.embedded.tomcat.TomcatEmbeddedServletContainer] [INFO] - Tomcat started on port(s): 8081 (http)
2019-04-29 17:11:59.198 [restartedMain] [com.weather.bigdata.it.cluster.Application] [INFO] - Started Application in 4.852 seconds (JVM running for 7.378)
2019-04-29 17:12:04.155 [http-nio-8081-exec-2] [org.apache.catalina.core.ContainerBase.[Tomcat].[localhost].[/]] [INFO] - Initializing Spring FrameworkServlet 'dispatcherServlet'
2019-04-29 17:12:04.155 [http-nio-8081-exec-2] [org.springframework.web.servlet.DispatcherServlet] [INFO] - FrameworkServlet 'dispatcherServlet': initialization started
2019-04-29 17:12:04.182 [http-nio-8081-exec-2] [org.springframework.web.servlet.DispatcherServlet] [INFO] - FrameworkServlet 'dispatcherServlet': initialization completed in 27 ms
2019-04-29 17:12:08.198 [http-nio-8081-exec-2] [com.weather.bigdata.it.cluster.db.localDB] [INFO] - accountFile=/F:/WorkSpace/IDEAWorkSpace/spark_hdfs_server/src/test/resources_out/accountRegistration.properties
2019-04-29 17:18:01.561 [http-nio-8081-exec-1] [com.weather.bigdata.it.cluster.db.localDB] [INFO] - accountFile=/F:/WorkSpace/IDEAWorkSpace/spark_hdfs_server/src/test/resources_out/accountRegistration.properties
2019-04-29 20:11:32.248 [restartedMain] [com.weather.bigdata.it.cluster.Application] [INFO] - Starting Application on Felix-PC with PID 28024 (F:\WorkSpace\IDEAWorkSpace\spark_hdfs_server\target\classes started by wingc in F:\WorkSpace\IDEAWorkSpace\spark_hdfs_server)
2019-04-29 20:11:32.249 [restartedMain] [com.weather.bigdata.it.cluster.Application] [INFO] - The following profiles are active: prod
2019-04-29 20:11:32.574 [restartedMain] [org.springframework.boot.context.embedded.AnnotationConfigEmbeddedWebApplicationContext] [INFO] - Refreshing org.springframework.boot.context.embedded.AnnotationConfigEmbeddedWebApplicationContext@7ea2836d: startup date [Mon Apr 29 20:11:32 CST 2019]; root of context hierarchy
2019-04-29 20:11:32.585 [background-preinit] [org.hibernate.validator.internal.util.Version] [INFO] - HV000001: Hibernate Validator 5.3.6.Final
2019-04-29 20:11:33.722 [restartedMain] [org.springframework.beans.factory.annotation.AutowiredAnnotationBeanPostProcessor] [INFO] - JSR-330 'javax.inject.Inject' annotation found and supported for autowiring
2019-04-29 20:11:34.429 [restartedMain] [org.springframework.boot.context.embedded.tomcat.TomcatEmbeddedServletContainer] [INFO] - Tomcat initialized with port(s): 8081 (http)
2019-04-29 20:11:34.444 [restartedMain] [org.apache.coyote.http11.Http11NioProtocol] [INFO] - Initializing ProtocolHandler ["http-nio-8081"]
2019-04-29 20:11:34.455 [restartedMain] [org.apache.catalina.core.StandardService] [INFO] - Starting service [Tomcat]
2019-04-29 20:11:34.455 [restartedMain] [org.apache.catalina.core.StandardEngine] [INFO] - Starting Servlet Engine: Apache Tomcat/8.5.34
2019-04-29 20:11:34.592 [localhost-startStop-1] [org.apache.catalina.core.ContainerBase.[Tomcat].[localhost].[/]] [INFO] - Initializing Spring embedded WebApplicationContext
2019-04-29 20:11:34.592 [localhost-startStop-1] [org.springframework.web.context.ContextLoader] [INFO] - Root WebApplicationContext: initialization completed in 2018 ms
2019-04-29 20:11:34.752 [localhost-startStop-1] [org.springframework.boot.web.servlet.ServletRegistrationBean] [INFO] - Mapping servlet: 'dispatcherServlet' to [/]
2019-04-29 20:11:34.757 [localhost-startStop-1] [org.springframework.boot.web.servlet.FilterRegistrationBean] [INFO] - Mapping filter: 'characterEncodingFilter' to: [/*]
2019-04-29 20:11:34.757 [localhost-startStop-1] [org.springframework.boot.web.servlet.FilterRegistrationBean] [INFO] - Mapping filter: 'hiddenHttpMethodFilter' to: [/*]
2019-04-29 20:11:34.758 [localhost-startStop-1] [org.springframework.boot.web.servlet.FilterRegistrationBean] [INFO] - Mapping filter: 'httpPutFormContentFilter' to: [/*]
2019-04-29 20:11:34.758 [localhost-startStop-1] [org.springframework.boot.web.servlet.FilterRegistrationBean] [INFO] - Mapping filter: 'requestContextFilter' to: [/*]
2019-04-29 20:11:35.137 [restartedMain] [org.springframework.web.servlet.mvc.method.annotation.RequestMappingHandlerAdapter] [INFO] - Looking for @ControllerAdvice: org.springframework.boot.context.embedded.AnnotationConfigEmbeddedWebApplicationContext@7ea2836d: startup date [Mon Apr 29 20:11:32 CST 2019]; root of context hierarchy
2019-04-29 20:11:35.228 [restartedMain] [org.springframework.web.servlet.mvc.method.annotation.RequestMappingHandlerMapping] [INFO] - Mapped "{[/operation/exit],methods=[POST]}" onto public static java.lang.Object com.weather.bigdata.it.cluster.controller.exitApplication.verify(javax.servlet.http.HttpServletRequest,java.lang.String,java.lang.String)
2019-04-29 20:11:35.230 [restartedMain] [org.springframework.web.servlet.mvc.method.annotation.RequestMappingHandlerMapping] [INFO] - Mapped "{[/submit/job],methods=[POST]}" onto public static java.lang.Object com.weather.bigdata.it.cluster.controller.job.verify(javax.servlet.http.HttpServletRequest,java.lang.String,java.lang.String,java.lang.String,java.lang.String,java.lang.String)
2019-04-29 20:11:35.230 [restartedMain] [org.springframework.web.servlet.mvc.method.annotation.RequestMappingHandlerMapping] [INFO] - Mapped "{[/operation/mvjar],methods=[POST]}" onto public static java.lang.Object com.weather.bigdata.it.cluster.controller.mvjar.verify(javax.servlet.http.HttpServletRequest,java.lang.String,java.lang.String,java.lang.String,java.lang.String,java.lang.String)
2019-04-29 20:11:35.230 [restartedMain] [org.springframework.web.servlet.mvc.method.annotation.RequestMappingHandlerMapping] [INFO] - Mapped "{[/reset/delete],methods=[POST]}" onto public static java.lang.Object com.weather.bigdata.it.cluster.controller.resetdelete.verify(javax.servlet.http.HttpServletRequest,java.lang.String,java.lang.String,java.lang.String,java.lang.String)
2019-04-29 20:11:35.231 [restartedMain] [org.springframework.web.servlet.mvc.method.annotation.RequestMappingHandlerMapping] [INFO] - Mapped "{[/deploy/upload],methods=[POST]}" onto public static java.lang.Object com.weather.bigdata.it.cluster.controller.upload.verify(javax.servlet.http.HttpServletRequest,java.lang.String,java.lang.String,java.lang.String,java.lang.String,org.springframework.web.multipart.MultipartFile)
2019-04-29 20:11:35.231 [restartedMain] [org.springframework.web.servlet.mvc.method.annotation.RequestMappingHandlerMapping] [INFO] - Mapped "{[/deploy/uploadMyself],methods=[POST]}" onto public static java.lang.Object com.weather.bigdata.it.cluster.controller.uploadMyself.verify(javax.servlet.http.HttpServletRequest,java.lang.String,java.lang.String,java.lang.String,org.springframework.web.multipart.MultipartFile)
2019-04-29 20:11:35.232 [restartedMain] [org.springframework.web.servlet.mvc.method.annotation.RequestMappingHandlerMapping] [INFO] - Mapped "{[/deploy/reparameter],methods=[POST]}" onto public static java.lang.Object com.weather.bigdata.it.cluster.controller.uploadParameter.verify(javax.servlet.http.HttpServletRequest,java.lang.String,java.lang.String,java.lang.String,org.springframework.web.multipart.MultipartFile)
2019-04-29 20:11:35.235 [restartedMain] [org.springframework.web.servlet.mvc.method.annotation.RequestMappingHandlerMapping] [INFO] - Mapped "{[/deploy],methods=[GET]}" onto public java.lang.String com.weather.bigdata.it.cluster.htmlController.deploy.deploy()
2019-04-29 20:11:35.235 [restartedMain] [org.springframework.web.servlet.mvc.method.annotation.RequestMappingHandlerMapping] [INFO] - Mapped "{[/deploy/helloworld],methods=[GET]}" onto public java.lang.String com.weather.bigdata.it.cluster.htmlController.deploy.hello()
2019-04-29 20:11:35.236 [restartedMain] [org.springframework.web.servlet.mvc.method.annotation.RequestMappingHandlerMapping] [INFO] - Mapped "{[/deployMyself/helloworld],methods=[GET]}" onto public java.lang.String com.weather.bigdata.it.cluster.htmlController.deployMyself.hello()
2019-04-29 20:11:35.236 [restartedMain] [org.springframework.web.servlet.mvc.method.annotation.RequestMappingHandlerMapping] [INFO] - Mapped "{[/deployMyself],methods=[GET]}" onto public java.lang.String com.weather.bigdata.it.cluster.htmlController.deployMyself.deployMyself()
2019-04-29 20:11:35.237 [restartedMain] [org.springframework.web.servlet.mvc.method.annotation.RequestMappingHandlerMapping] [INFO] - Mapped "{[/exit],methods=[GET]}" onto public java.lang.String com.weather.bigdata.it.cluster.htmlController.exit.exit()
2019-04-29 20:11:35.238 [restartedMain] [org.springframework.web.servlet.mvc.method.annotation.RequestMappingHandlerMapping] [INFO] - Mapped "{[/exit/helloworld],methods=[GET]}" onto public java.lang.String com.weather.bigdata.it.cluster.htmlController.exit.hello()
2019-04-29 20:11:35.239 [restartedMain] [org.springframework.web.servlet.mvc.method.annotation.RequestMappingHandlerMapping] [INFO] - Mapped "{[/mvregion/helloworld],methods=[GET]}" onto public java.lang.String com.weather.bigdata.it.cluster.htmlController.mvregion.hello()
2019-04-29 20:11:35.239 [restartedMain] [org.springframework.web.servlet.mvc.method.annotation.RequestMappingHandlerMapping] [INFO] - Mapped "{[/mvregion],methods=[GET]}" onto public java.lang.String com.weather.bigdata.it.cluster.htmlController.mvregion.mvregion()
2019-04-29 20:11:35.240 [restartedMain] [org.springframework.web.servlet.mvc.method.annotation.RequestMappingHandlerMapping] [INFO] - Mapped "{[/reparameter/helloworld],methods=[GET]}" onto public java.lang.String com.weather.bigdata.it.cluster.htmlController.reparameter.hello()
2019-04-29 20:11:35.240 [restartedMain] [org.springframework.web.servlet.mvc.method.annotation.RequestMappingHandlerMapping] [INFO] - Mapped "{[/reparameter],methods=[GET]}" onto public java.lang.String com.weather.bigdata.it.cluster.htmlController.reparameter.reparameter()
2019-04-29 20:11:35.241 [restartedMain] [org.springframework.web.servlet.mvc.method.annotation.RequestMappingHandlerMapping] [INFO] - Mapped "{[/reset],methods=[GET]}" onto public java.lang.String com.weather.bigdata.it.cluster.htmlController.reset.reset()
2019-04-29 20:11:35.241 [restartedMain] [org.springframework.web.servlet.mvc.method.annotation.RequestMappingHandlerMapping] [INFO] - Mapped "{[/reset/helloworld],methods=[GET]}" onto public java.lang.String com.weather.bigdata.it.cluster.htmlController.reset.hello()
2019-04-29 20:11:35.242 [restartedMain] [org.springframework.web.servlet.mvc.method.annotation.RequestMappingHandlerMapping] [INFO] - Mapped "{[/submit],methods=[GET]}" onto public java.lang.String com.weather.bigdata.it.cluster.htmlController.submit.submit()
2019-04-29 20:11:35.243 [restartedMain] [org.springframework.web.servlet.mvc.method.annotation.RequestMappingHandlerMapping] [INFO] - Mapped "{[/submit/helloworld],methods=[GET]}" onto public java.lang.String com.weather.bigdata.it.cluster.htmlController.submit.hello()
2019-04-29 20:11:35.244 [restartedMain] [org.springframework.web.servlet.mvc.method.annotation.RequestMappingHandlerMapping] [INFO] - Mapped "{[/error]}" onto public org.springframework.http.ResponseEntity<java.util.Map<java.lang.String, java.lang.Object>> org.springframework.boot.autoconfigure.web.BasicErrorController.error(javax.servlet.http.HttpServletRequest)
2019-04-29 20:11:35.245 [restartedMain] [org.springframework.web.servlet.mvc.method.annotation.RequestMappingHandlerMapping] [INFO] - Mapped "{[/error],produces=[text/html]}" onto public org.springframework.web.servlet.ModelAndView org.springframework.boot.autoconfigure.web.BasicErrorController.errorHtml(javax.servlet.http.HttpServletRequest,javax.servlet.http.HttpServletResponse)
2019-04-29 20:11:35.271 [restartedMain] [org.springframework.web.servlet.handler.SimpleUrlHandlerMapping] [INFO] - Mapped URL path [/webjars/**] onto handler of type [class org.springframework.web.servlet.resource.ResourceHttpRequestHandler]
2019-04-29 20:11:35.271 [restartedMain] [org.springframework.web.servlet.handler.SimpleUrlHandlerMapping] [INFO] - Mapped URL path [/**] onto handler of type [class org.springframework.web.servlet.resource.ResourceHttpRequestHandler]
2019-04-29 20:11:35.311 [restartedMain] [org.springframework.web.servlet.handler.SimpleUrlHandlerMapping] [INFO] - Mapped URL path [/**/favicon.ico] onto handler of type [class org.springframework.web.servlet.resource.ResourceHttpRequestHandler]
2019-04-29 20:11:36.098 [restartedMain] [org.springframework.boot.devtools.autoconfigure.OptionalLiveReloadServer] [INFO] - LiveReload server is running on port 35729
2019-04-29 20:11:36.151 [restartedMain] [org.springframework.jmx.export.annotation.AnnotationMBeanExporter] [INFO] - Registering beans for JMX exposure on startup
2019-04-29 20:11:36.164 [restartedMain] [org.apache.coyote.http11.Http11NioProtocol] [INFO] - Starting ProtocolHandler ["http-nio-8081"]
2019-04-29 20:11:36.177 [restartedMain] [org.apache.tomcat.util.net.NioSelectorPool] [INFO] - Using a shared selector for servlet write/read
2019-04-29 20:11:36.194 [restartedMain] [org.springframework.boot.context.embedded.tomcat.TomcatEmbeddedServletContainer] [INFO] - Tomcat started on port(s): 8081 (http)
2019-04-29 20:11:36.204 [restartedMain] [com.weather.bigdata.it.cluster.Application] [INFO] - Started Application in 4.506 seconds (JVM running for 5.271)
2019-04-29 20:11:45.473 [http-nio-8081-exec-1] [org.apache.catalina.core.ContainerBase.[Tomcat].[localhost].[/]] [INFO] - Initializing Spring FrameworkServlet 'dispatcherServlet'
2019-04-29 20:11:45.474 [http-nio-8081-exec-1] [org.springframework.web.servlet.DispatcherServlet] [INFO] - FrameworkServlet 'dispatcherServlet': initialization started
2019-04-29 20:11:45.493 [http-nio-8081-exec-1] [org.springframework.web.servlet.DispatcherServlet] [INFO] - FrameworkServlet 'dispatcherServlet': initialization completed in 19 ms
2019-04-29 20:11:45.534 [http-nio-8081-exec-1] [org.thymeleaf.TemplateEngine] [INFO] - [THYMELEAF] INITIALIZING TEMPLATE ENGINE
2019-04-29 20:11:45.572 [http-nio-8081-exec-1] [org.thymeleaf.templateresolver.AbstractTemplateResolver] [INFO] - [THYMELEAF] INITIALIZING TEMPLATE RESOLVER: org.thymeleaf.spring4.templateresolver.SpringResourceTemplateResolver
2019-04-29 20:11:45.573 [http-nio-8081-exec-1] [org.thymeleaf.templateresolver.AbstractTemplateResolver] [INFO] - [THYMELEAF] TEMPLATE RESOLVER INITIALIZED OK
2019-04-29 20:11:45.573 [http-nio-8081-exec-1] [org.thymeleaf.messageresolver.AbstractMessageResolver] [INFO] - [THYMELEAF] INITIALIZING MESSAGE RESOLVER: org.thymeleaf.spring4.messageresolver.SpringMessageResolver
2019-04-29 20:11:45.573 [http-nio-8081-exec-1] [org.thymeleaf.messageresolver.AbstractMessageResolver] [INFO] - [THYMELEAF] MESSAGE RESOLVER INITIALIZED OK
2019-04-29 20:11:45.576 [http-nio-8081-exec-1] [org.thymeleaf.TemplateEngine.CONFIG] [INFO] - [THYMELEAF] TEMPLATE ENGINE CONFIGURATION:
[THYMELEAF] * Cache Factory implementation: org.thymeleaf.cache.StandardCacheManager
[THYMELEAF] * Template modes:
[THYMELEAF]     * XHTML
[THYMELEAF]     * LEGACYHTML5
[THYMELEAF]     * XML
[THYMELEAF]     * HTML5
[THYMELEAF]     * VALIDXML
[THYMELEAF]     * VALIDXHTML
[THYMELEAF] * Template resolvers (in order):
[THYMELEAF]     * org.thymeleaf.spring4.templateresolver.SpringResourceTemplateResolver
[THYMELEAF] * Message resolvers (in order):
[THYMELEAF]     * org.thymeleaf.spring4.messageresolver.SpringMessageResolver
[THYMELEAF] * Dialect [1 of 2]: org.thymeleaf.spring4.dialect.SpringStandardDialect
[THYMELEAF]     * Prefix: "th"
[THYMELEAF] * Dialect [2 of 2]: nz.net.ultraq.thymeleaf.LayoutDialect
[THYMELEAF]     * Prefix: "layout"
[THYMELEAF] TEMPLATE ENGINE CONFIGURED OK
2019-04-29 20:11:45.577 [http-nio-8081-exec-1] [org.thymeleaf.TemplateEngine] [INFO] - [THYMELEAF] TEMPLATE ENGINE INITIALIZED
2019-04-29 20:12:55.055 [http-nio-8081-exec-3] [com.weather.bigdata.it.cluster.db.localDB] [INFO] - accountFile=/F:/WorkSpace/IDEAWorkSpace/spark_hdfs_server/src/test/resources_out/accountRegistration.properties
2019-04-29 20:12:55.394 [http-nio-8081-exec-3] [com.weather.bigdata.it.cluster.verification] [INFO] - lijing注册通过,身份为mt
2019-04-29 20:12:55.395 [http-nio-8081-exec-3] [com.weather.bigdata.it.cluster.verification] [INFO] - lijing;remoteUser(null),remoteHost(0:0:0:0:0:0:0:1:51935),remoteAddr(0:0:0:0:0:0:0:1)
2019-04-29 20:12:55.513 [http-nio-8081-exec-3] [com.weather.bigdata.it.cluster.controller.upload] [INFO] - 文件【file_upload.iml】上传成功。;文件写入时间:0s,写入地址:file:/F:/tmp/grib_spark_platform/region0/signalLib/test//file_upload.iml
2019-04-29 20:12:55.514 [http-nio-8081-exec-3] [com.weather.bigdata.it.cluster.controller.upload] [INFO] - 用户lijing请求上传部署
2019-04-29 20:12:55.568 [http-nio-8081-exec-3] [com.weather.bigdata.it.cluster.controller.upload] [INFO] - 用户请求重启服务，服务器返回结果为：{"isMt":"true","msg":"文件【file_upload.iml】上传成功。","fileName":"file_upload.iml","role":"mt","isRoot":"true","isIt":"true","pass":"true","isAdmin1":"true","isAdmin0":"true","服务返回时间":"Mon Apr 29 20:12:55 CST 2019","服务返回时间戳":"1556539975514","register":"false","status":"success"}。
2019-04-29 20:13:42.426 [restartedMain] [com.weather.bigdata.it.cluster.Application] [INFO] - Starting Application on Felix-PC with PID 30504 (F:\WorkSpace\IDEAWorkSpace\spark_hdfs_server\target\classes started by wingc in F:\WorkSpace\IDEAWorkSpace\spark_hdfs_server)
2019-04-29 20:13:42.427 [restartedMain] [com.weather.bigdata.it.cluster.Application] [INFO] - The following profiles are active: prod
2019-04-29 20:13:42.762 [restartedMain] [org.springframework.boot.context.embedded.AnnotationConfigEmbeddedWebApplicationContext] [INFO] - Refreshing org.springframework.boot.context.embedded.AnnotationConfigEmbeddedWebApplicationContext@3ff7351c: startup date [Mon Apr 29 20:13:42 CST 2019]; root of context hierarchy
2019-04-29 20:13:42.801 [background-preinit] [org.hibernate.validator.internal.util.Version] [INFO] - HV000001: Hibernate Validator 5.3.6.Final
2019-04-29 20:13:44.258 [restartedMain] [org.springframework.beans.factory.annotation.AutowiredAnnotationBeanPostProcessor] [INFO] - JSR-330 'javax.inject.Inject' annotation found and supported for autowiring
2019-04-29 20:13:45.085 [restartedMain] [org.springframework.boot.context.embedded.tomcat.TomcatEmbeddedServletContainer] [INFO] - Tomcat initialized with port(s): 8081 (http)
2019-04-29 20:13:45.107 [restartedMain] [org.apache.coyote.http11.Http11NioProtocol] [INFO] - Initializing ProtocolHandler ["http-nio-8081"]
2019-04-29 20:13:45.122 [restartedMain] [org.apache.catalina.core.StandardService] [INFO] - Starting service [Tomcat]
2019-04-29 20:13:45.122 [restartedMain] [org.apache.catalina.core.StandardEngine] [INFO] - Starting Servlet Engine: Apache Tomcat/8.5.34
2019-04-29 20:13:45.280 [localhost-startStop-1] [org.apache.catalina.core.ContainerBase.[Tomcat].[localhost].[/]] [INFO] - Initializing Spring embedded WebApplicationContext
2019-04-29 20:13:45.280 [localhost-startStop-1] [org.springframework.web.context.ContextLoader] [INFO] - Root WebApplicationContext: initialization completed in 2518 ms
2019-04-29 20:13:45.482 [localhost-startStop-1] [org.springframework.boot.web.servlet.ServletRegistrationBean] [INFO] - Mapping servlet: 'dispatcherServlet' to [/]
2019-04-29 20:13:45.486 [localhost-startStop-1] [org.springframework.boot.web.servlet.FilterRegistrationBean] [INFO] - Mapping filter: 'characterEncodingFilter' to: [/*]
2019-04-29 20:13:45.487 [localhost-startStop-1] [org.springframework.boot.web.servlet.FilterRegistrationBean] [INFO] - Mapping filter: 'hiddenHttpMethodFilter' to: [/*]
2019-04-29 20:13:45.487 [localhost-startStop-1] [org.springframework.boot.web.servlet.FilterRegistrationBean] [INFO] - Mapping filter: 'httpPutFormContentFilter' to: [/*]
2019-04-29 20:13:45.487 [localhost-startStop-1] [org.springframework.boot.web.servlet.FilterRegistrationBean] [INFO] - Mapping filter: 'requestContextFilter' to: [/*]
2019-04-29 20:13:45.966 [restartedMain] [org.springframework.web.servlet.mvc.method.annotation.RequestMappingHandlerAdapter] [INFO] - Looking for @ControllerAdvice: org.springframework.boot.context.embedded.AnnotationConfigEmbeddedWebApplicationContext@3ff7351c: startup date [Mon Apr 29 20:13:42 CST 2019]; root of context hierarchy
2019-04-29 20:13:46.050 [restartedMain] [org.springframework.web.servlet.mvc.method.annotation.RequestMappingHandlerMapping] [INFO] - Mapped "{[/operation/exit],methods=[POST]}" onto public static java.lang.Object com.weather.bigdata.it.cluster.controller.exitApplication.verify(javax.servlet.http.HttpServletRequest,java.lang.String,java.lang.String)
2019-04-29 20:13:46.051 [restartedMain] [org.springframework.web.servlet.mvc.method.annotation.RequestMappingHandlerMapping] [INFO] - Mapped "{[/submit/job],methods=[POST]}" onto public static java.lang.Object com.weather.bigdata.it.cluster.controller.job.verify(javax.servlet.http.HttpServletRequest,java.lang.String,java.lang.String,java.lang.String,java.lang.String,java.lang.String)
2019-04-29 20:13:46.052 [restartedMain] [org.springframework.web.servlet.mvc.method.annotation.RequestMappingHandlerMapping] [INFO] - Mapped "{[/operation/mvjar],methods=[POST]}" onto public static java.lang.Object com.weather.bigdata.it.cluster.controller.mvjar.verify(javax.servlet.http.HttpServletRequest,java.lang.String,java.lang.String,java.lang.String,java.lang.String,java.lang.String)
2019-04-29 20:13:46.052 [restartedMain] [org.springframework.web.servlet.mvc.method.annotation.RequestMappingHandlerMapping] [INFO] - Mapped "{[/reset/delete],methods=[POST]}" onto public static java.lang.Object com.weather.bigdata.it.cluster.controller.resetdelete.verify(javax.servlet.http.HttpServletRequest,java.lang.String,java.lang.String,java.lang.String,java.lang.String)
2019-04-29 20:13:46.052 [restartedMain] [org.springframework.web.servlet.mvc.method.annotation.RequestMappingHandlerMapping] [INFO] - Mapped "{[/deploy/upload],methods=[POST]}" onto public static java.lang.Object com.weather.bigdata.it.cluster.controller.upload.verify(javax.servlet.http.HttpServletRequest,java.lang.String,java.lang.String,java.lang.String,java.lang.String,org.springframework.web.multipart.MultipartFile)
2019-04-29 20:13:46.053 [restartedMain] [org.springframework.web.servlet.mvc.method.annotation.RequestMappingHandlerMapping] [INFO] - Mapped "{[/deploy/uploadMyself],methods=[POST]}" onto public static java.lang.Object com.weather.bigdata.it.cluster.controller.uploadMyself.verify(javax.servlet.http.HttpServletRequest,java.lang.String,java.lang.String,java.lang.String,org.springframework.web.multipart.MultipartFile)
2019-04-29 20:13:46.053 [restartedMain] [org.springframework.web.servlet.mvc.method.annotation.RequestMappingHandlerMapping] [INFO] - Mapped "{[/deploy/reparameter],methods=[POST]}" onto public static java.lang.Object com.weather.bigdata.it.cluster.controller.uploadParameter.verify(javax.servlet.http.HttpServletRequest,java.lang.String,java.lang.String,java.lang.String,org.springframework.web.multipart.MultipartFile)
2019-04-29 20:13:46.056 [restartedMain] [org.springframework.web.servlet.mvc.method.annotation.RequestMappingHandlerMapping] [INFO] - Mapped "{[/deploy],methods=[GET]}" onto public java.lang.String com.weather.bigdata.it.cluster.htmlController.deploy.deploy()
2019-04-29 20:13:46.056 [restartedMain] [org.springframework.web.servlet.mvc.method.annotation.RequestMappingHandlerMapping] [INFO] - Mapped "{[/deploy/helloworld],methods=[GET]}" onto public java.lang.String com.weather.bigdata.it.cluster.htmlController.deploy.hello()
2019-04-29 20:13:46.057 [restartedMain] [org.springframework.web.servlet.mvc.method.annotation.RequestMappingHandlerMapping] [INFO] - Mapped "{[/deployMyself/helloworld],methods=[GET]}" onto public java.lang.String com.weather.bigdata.it.cluster.htmlController.deployMyself.hello()
2019-04-29 20:13:46.057 [restartedMain] [org.springframework.web.servlet.mvc.method.annotation.RequestMappingHandlerMapping] [INFO] - Mapped "{[/deployMyself],methods=[GET]}" onto public java.lang.String com.weather.bigdata.it.cluster.htmlController.deployMyself.deployMyself()
2019-04-29 20:13:46.058 [restartedMain] [org.springframework.web.servlet.mvc.method.annotation.RequestMappingHandlerMapping] [INFO] - Mapped "{[/exit],methods=[GET]}" onto public java.lang.String com.weather.bigdata.it.cluster.htmlController.exit.exit()
2019-04-29 20:13:46.058 [restartedMain] [org.springframework.web.servlet.mvc.method.annotation.RequestMappingHandlerMapping] [INFO] - Mapped "{[/exit/helloworld],methods=[GET]}" onto public java.lang.String com.weather.bigdata.it.cluster.htmlController.exit.hello()
2019-04-29 20:13:46.058 [restartedMain] [org.springframework.web.servlet.mvc.method.annotation.RequestMappingHandlerMapping] [INFO] - Mapped "{[/mvregion],methods=[GET]}" onto public java.lang.String com.weather.bigdata.it.cluster.htmlController.mvregion.mvregion()
2019-04-29 20:13:46.059 [restartedMain] [org.springframework.web.servlet.mvc.method.annotation.RequestMappingHandlerMapping] [INFO] - Mapped "{[/mvregion/helloworld],methods=[GET]}" onto public java.lang.String com.weather.bigdata.it.cluster.htmlController.mvregion.hello()
2019-04-29 20:13:46.059 [restartedMain] [org.springframework.web.servlet.mvc.method.annotation.RequestMappingHandlerMapping] [INFO] - Mapped "{[/reparameter],methods=[GET]}" onto public java.lang.String com.weather.bigdata.it.cluster.htmlController.reparameter.reparameter()
2019-04-29 20:13:46.060 [restartedMain] [org.springframework.web.servlet.mvc.method.annotation.RequestMappingHandlerMapping] [INFO] - Mapped "{[/reparameter/helloworld],methods=[GET]}" onto public java.lang.String com.weather.bigdata.it.cluster.htmlController.reparameter.hello()
2019-04-29 20:13:46.061 [restartedMain] [org.springframework.web.servlet.mvc.method.annotation.RequestMappingHandlerMapping] [INFO] - Mapped "{[/reset],methods=[GET]}" onto public java.lang.String com.weather.bigdata.it.cluster.htmlController.reset.reset()
2019-04-29 20:13:46.061 [restartedMain] [org.springframework.web.servlet.mvc.method.annotation.RequestMappingHandlerMapping] [INFO] - Mapped "{[/reset/helloworld],methods=[GET]}" onto public java.lang.String com.weather.bigdata.it.cluster.htmlController.reset.hello()
2019-04-29 20:13:46.061 [restartedMain] [org.springframework.web.servlet.mvc.method.annotation.RequestMappingHandlerMapping] [INFO] - Mapped "{[/submit],methods=[GET]}" onto public java.lang.String com.weather.bigdata.it.cluster.htmlController.submit.submit()
2019-04-29 20:13:46.062 [restartedMain] [org.springframework.web.servlet.mvc.method.annotation.RequestMappingHandlerMapping] [INFO] - Mapped "{[/submit/helloworld],methods=[GET]}" onto public java.lang.String com.weather.bigdata.it.cluster.htmlController.submit.hello()
2019-04-29 20:13:46.063 [restartedMain] [org.springframework.web.servlet.mvc.method.annotation.RequestMappingHandlerMapping] [INFO] - Mapped "{[/error]}" onto public org.springframework.http.ResponseEntity<java.util.Map<java.lang.String, java.lang.Object>> org.springframework.boot.autoconfigure.web.BasicErrorController.error(javax.servlet.http.HttpServletRequest)
2019-04-29 20:13:46.064 [restartedMain] [org.springframework.web.servlet.mvc.method.annotation.RequestMappingHandlerMapping] [INFO] - Mapped "{[/error],produces=[text/html]}" onto public org.springframework.web.servlet.ModelAndView org.springframework.boot.autoconfigure.web.BasicErrorController.errorHtml(javax.servlet.http.HttpServletRequest,javax.servlet.http.HttpServletResponse)
2019-04-29 20:13:46.104 [restartedMain] [org.springframework.web.servlet.handler.SimpleUrlHandlerMapping] [INFO] - Mapped URL path [/webjars/**] onto handler of type [class org.springframework.web.servlet.resource.ResourceHttpRequestHandler]
2019-04-29 20:13:46.104 [restartedMain] [org.springframework.web.servlet.handler.SimpleUrlHandlerMapping] [INFO] - Mapped URL path [/**] onto handler of type [class org.springframework.web.servlet.resource.ResourceHttpRequestHandler]
2019-04-29 20:13:46.159 [restartedMain] [org.springframework.web.servlet.handler.SimpleUrlHandlerMapping] [INFO] - Mapped URL path [/**/favicon.ico] onto handler of type [class org.springframework.web.servlet.resource.ResourceHttpRequestHandler]
2019-04-29 20:13:46.839 [restartedMain] [org.springframework.boot.devtools.autoconfigure.OptionalLiveReloadServer] [INFO] - LiveReload server is running on port 35729
2019-04-29 20:13:46.995 [restartedMain] [org.springframework.jmx.export.annotation.AnnotationMBeanExporter] [INFO] - Registering beans for JMX exposure on startup
2019-04-29 20:13:47.007 [restartedMain] [org.apache.coyote.http11.Http11NioProtocol] [INFO] - Starting ProtocolHandler ["http-nio-8081"]
2019-04-29 20:13:47.021 [restartedMain] [org.apache.tomcat.util.net.NioSelectorPool] [INFO] - Using a shared selector for servlet write/read
2019-04-29 20:13:47.039 [restartedMain] [org.springframework.boot.context.embedded.tomcat.TomcatEmbeddedServletContainer] [INFO] - Tomcat started on port(s): 8081 (http)
2019-04-29 20:13:47.049 [restartedMain] [com.weather.bigdata.it.cluster.Application] [INFO] - Started Application in 5.162 seconds (JVM running for 9.389)
2019-04-29 20:13:55.467 [http-nio-8081-exec-2] [org.apache.catalina.core.ContainerBase.[Tomcat].[localhost].[/]] [INFO] - Initializing Spring FrameworkServlet 'dispatcherServlet'
2019-04-29 20:13:55.467 [http-nio-8081-exec-2] [org.springframework.web.servlet.DispatcherServlet] [INFO] - FrameworkServlet 'dispatcherServlet': initialization started
2019-04-29 20:13:55.493 [http-nio-8081-exec-2] [org.springframework.web.servlet.DispatcherServlet] [INFO] - FrameworkServlet 'dispatcherServlet': initialization completed in 26 ms
2019-04-29 20:13:55.586 [http-nio-8081-exec-2] [com.weather.bigdata.it.cluster.db.localDB] [INFO] - accountFile=/F:/WorkSpace/IDEAWorkSpace/spark_hdfs_server/src/test/resources_out/accountRegistration.properties
2019-04-29 20:13:55.953 [http-nio-8081-exec-2] [com.weather.bigdata.it.cluster.verification] [INFO] - lijing注册通过,身份为mt
2019-04-29 20:13:55.954 [http-nio-8081-exec-2] [com.weather.bigdata.it.cluster.verification] [INFO] - lijing;remoteUser(null),remoteHost(127.0.0.1:51974),remoteAddr(127.0.0.1)
2019-04-29 20:14:20.851 [http-nio-8081-exec-2] [com.weather.bigdata.it.cluster.controller.upload] [INFO] - 文件【pom.xml】上传成功。;文件写入时间:0s,写入地址:file:/F:/tmp/grib_spark_platform/region0/signalLib/test//pom.xml
2019-04-29 20:14:20.852 [http-nio-8081-exec-2] [com.weather.bigdata.it.cluster.controller.upload] [INFO] - 用户lijing请求上传部署
2019-04-29 20:14:25.966 [restartedMain] [com.weather.bigdata.it.cluster.Application] [INFO] - Starting Application on Felix-PC with PID 3364 (F:\WorkSpace\IDEAWorkSpace\spark_hdfs_server\target\classes started by wingc in F:\WorkSpace\IDEAWorkSpace\spark_hdfs_server)
2019-04-29 20:14:25.966 [restartedMain] [com.weather.bigdata.it.cluster.Application] [INFO] - The following profiles are active: prod
2019-04-29 20:14:26.232 [restartedMain] [org.springframework.boot.context.embedded.AnnotationConfigEmbeddedWebApplicationContext] [INFO] - Refreshing org.springframework.boot.context.embedded.AnnotationConfigEmbeddedWebApplicationContext@41eb7003: startup date [Mon Apr 29 20:14:26 CST 2019]; root of context hierarchy
2019-04-29 20:14:26.282 [background-preinit] [org.hibernate.validator.internal.util.Version] [INFO] - HV000001: Hibernate Validator 5.3.6.Final
2019-04-29 20:14:27.630 [restartedMain] [org.springframework.beans.factory.annotation.AutowiredAnnotationBeanPostProcessor] [INFO] - JSR-330 'javax.inject.Inject' annotation found and supported for autowiring
2019-04-29 20:14:28.423 [restartedMain] [org.springframework.boot.context.embedded.tomcat.TomcatEmbeddedServletContainer] [INFO] - Tomcat initialized with port(s): 8081 (http)
2019-04-29 20:14:28.444 [restartedMain] [org.apache.coyote.http11.Http11NioProtocol] [INFO] - Initializing ProtocolHandler ["http-nio-8081"]
2019-04-29 20:14:28.461 [restartedMain] [org.apache.catalina.core.StandardService] [INFO] - Starting service [Tomcat]
2019-04-29 20:14:28.461 [restartedMain] [org.apache.catalina.core.StandardEngine] [INFO] - Starting Servlet Engine: Apache Tomcat/8.5.34
2019-04-29 20:14:28.625 [localhost-startStop-1] [org.apache.catalina.core.ContainerBase.[Tomcat].[localhost].[/]] [INFO] - Initializing Spring embedded WebApplicationContext
2019-04-29 20:14:28.626 [localhost-startStop-1] [org.springframework.web.context.ContextLoader] [INFO] - Root WebApplicationContext: initialization completed in 2394 ms
2019-04-29 20:14:28.795 [localhost-startStop-1] [org.springframework.boot.web.servlet.ServletRegistrationBean] [INFO] - Mapping servlet: 'dispatcherServlet' to [/]
2019-04-29 20:14:28.800 [localhost-startStop-1] [org.springframework.boot.web.servlet.FilterRegistrationBean] [INFO] - Mapping filter: 'characterEncodingFilter' to: [/*]
2019-04-29 20:14:28.800 [localhost-startStop-1] [org.springframework.boot.web.servlet.FilterRegistrationBean] [INFO] - Mapping filter: 'hiddenHttpMethodFilter' to: [/*]
2019-04-29 20:14:28.800 [localhost-startStop-1] [org.springframework.boot.web.servlet.FilterRegistrationBean] [INFO] - Mapping filter: 'httpPutFormContentFilter' to: [/*]
2019-04-29 20:14:28.800 [localhost-startStop-1] [org.springframework.boot.web.servlet.FilterRegistrationBean] [INFO] - Mapping filter: 'requestContextFilter' to: [/*]
2019-04-29 20:14:29.206 [restartedMain] [org.springframework.web.servlet.mvc.method.annotation.RequestMappingHandlerAdapter] [INFO] - Looking for @ControllerAdvice: org.springframework.boot.context.embedded.AnnotationConfigEmbeddedWebApplicationContext@41eb7003: startup date [Mon Apr 29 20:14:26 CST 2019]; root of context hierarchy
2019-04-29 20:14:29.282 [restartedMain] [org.springframework.web.servlet.mvc.method.annotation.RequestMappingHandlerMapping] [INFO] - Mapped "{[/operation/exit],methods=[POST]}" onto public static java.lang.Object com.weather.bigdata.it.cluster.controller.exitApplication.verify(javax.servlet.http.HttpServletRequest,java.lang.String,java.lang.String)
2019-04-29 20:14:29.283 [restartedMain] [org.springframework.web.servlet.mvc.method.annotation.RequestMappingHandlerMapping] [INFO] - Mapped "{[/submit/job],methods=[POST]}" onto public static java.lang.Object com.weather.bigdata.it.cluster.controller.job.verify(javax.servlet.http.HttpServletRequest,java.lang.String,java.lang.String,java.lang.String,java.lang.String,java.lang.String)
2019-04-29 20:14:29.284 [restartedMain] [org.springframework.web.servlet.mvc.method.annotation.RequestMappingHandlerMapping] [INFO] - Mapped "{[/operation/mvjar],methods=[POST]}" onto public static java.lang.Object com.weather.bigdata.it.cluster.controller.mvjar.verify(javax.servlet.http.HttpServletRequest,java.lang.String,java.lang.String,java.lang.String,java.lang.String,java.lang.String)
2019-04-29 20:14:29.284 [restartedMain] [org.springframework.web.servlet.mvc.method.annotation.RequestMappingHandlerMapping] [INFO] - Mapped "{[/reset/delete],methods=[POST]}" onto public static java.lang.Object com.weather.bigdata.it.cluster.controller.resetdelete.verify(javax.servlet.http.HttpServletRequest,java.lang.String,java.lang.String,java.lang.String,java.lang.String)
2019-04-29 20:14:29.284 [restartedMain] [org.springframework.web.servlet.mvc.method.annotation.RequestMappingHandlerMapping] [INFO] - Mapped "{[/deploy/upload],methods=[POST]}" onto public static java.lang.Object com.weather.bigdata.it.cluster.controller.upload.verify(javax.servlet.http.HttpServletRequest,java.lang.String,java.lang.String,java.lang.String,java.lang.String,org.springframework.web.multipart.MultipartFile)
2019-04-29 20:14:29.284 [restartedMain] [org.springframework.web.servlet.mvc.method.annotation.RequestMappingHandlerMapping] [INFO] - Mapped "{[/deploy/uploadMyself],methods=[POST]}" onto public static java.lang.Object com.weather.bigdata.it.cluster.controller.uploadMyself.verify(javax.servlet.http.HttpServletRequest,java.lang.String,java.lang.String,java.lang.String,org.springframework.web.multipart.MultipartFile)
2019-04-29 20:14:29.285 [restartedMain] [org.springframework.web.servlet.mvc.method.annotation.RequestMappingHandlerMapping] [INFO] - Mapped "{[/deploy/reparameter],methods=[POST]}" onto public static java.lang.Object com.weather.bigdata.it.cluster.controller.uploadParameter.verify(javax.servlet.http.HttpServletRequest,java.lang.String,java.lang.String,java.lang.String,org.springframework.web.multipart.MultipartFile)
2019-04-29 20:14:29.287 [restartedMain] [org.springframework.web.servlet.mvc.method.annotation.RequestMappingHandlerMapping] [INFO] - Mapped "{[/deploy],methods=[GET]}" onto public java.lang.String com.weather.bigdata.it.cluster.htmlController.deploy.deploy()
2019-04-29 20:14:29.287 [restartedMain] [org.springframework.web.servlet.mvc.method.annotation.RequestMappingHandlerMapping] [INFO] - Mapped "{[/deploy/helloworld],methods=[GET]}" onto public java.lang.String com.weather.bigdata.it.cluster.htmlController.deploy.hello()
2019-04-29 20:14:29.288 [restartedMain] [org.springframework.web.servlet.mvc.method.annotation.RequestMappingHandlerMapping] [INFO] - Mapped "{[/deployMyself],methods=[GET]}" onto public java.lang.String com.weather.bigdata.it.cluster.htmlController.deployMyself.deployMyself()
2019-04-29 20:14:29.288 [restartedMain] [org.springframework.web.servlet.mvc.method.annotation.RequestMappingHandlerMapping] [INFO] - Mapped "{[/deployMyself/helloworld],methods=[GET]}" onto public java.lang.String com.weather.bigdata.it.cluster.htmlController.deployMyself.hello()
2019-04-29 20:14:29.289 [restartedMain] [org.springframework.web.servlet.mvc.method.annotation.RequestMappingHandlerMapping] [INFO] - Mapped "{[/exit],methods=[GET]}" onto public java.lang.String com.weather.bigdata.it.cluster.htmlController.exit.exit()
2019-04-29 20:14:29.289 [restartedMain] [org.springframework.web.servlet.mvc.method.annotation.RequestMappingHandlerMapping] [INFO] - Mapped "{[/exit/helloworld],methods=[GET]}" onto public java.lang.String com.weather.bigdata.it.cluster.htmlController.exit.hello()
2019-04-29 20:14:29.290 [restartedMain] [org.springframework.web.servlet.mvc.method.annotation.RequestMappingHandlerMapping] [INFO] - Mapped "{[/mvregion/helloworld],methods=[GET]}" onto public java.lang.String com.weather.bigdata.it.cluster.htmlController.mvregion.hello()
2019-04-29 20:14:29.290 [restartedMain] [org.springframework.web.servlet.mvc.method.annotation.RequestMappingHandlerMapping] [INFO] - Mapped "{[/mvregion],methods=[GET]}" onto public java.lang.String com.weather.bigdata.it.cluster.htmlController.mvregion.mvregion()
2019-04-29 20:14:29.291 [restartedMain] [org.springframework.web.servlet.mvc.method.annotation.RequestMappingHandlerMapping] [INFO] - Mapped "{[/reparameter/helloworld],methods=[GET]}" onto public java.lang.String com.weather.bigdata.it.cluster.htmlController.reparameter.hello()
2019-04-29 20:14:29.291 [restartedMain] [org.springframework.web.servlet.mvc.method.annotation.RequestMappingHandlerMapping] [INFO] - Mapped "{[/reparameter],methods=[GET]}" onto public java.lang.String com.weather.bigdata.it.cluster.htmlController.reparameter.reparameter()
2019-04-29 20:14:29.292 [restartedMain] [org.springframework.web.servlet.mvc.method.annotation.RequestMappingHandlerMapping] [INFO] - Mapped "{[/reset],methods=[GET]}" onto public java.lang.String com.weather.bigdata.it.cluster.htmlController.reset.reset()
2019-04-29 20:14:29.292 [restartedMain] [org.springframework.web.servlet.mvc.method.annotation.RequestMappingHandlerMapping] [INFO] - Mapped "{[/reset/helloworld],methods=[GET]}" onto public java.lang.String com.weather.bigdata.it.cluster.htmlController.reset.hello()
2019-04-29 20:14:29.293 [restartedMain] [org.springframework.web.servlet.mvc.method.annotation.RequestMappingHandlerMapping] [INFO] - Mapped "{[/submit],methods=[GET]}" onto public java.lang.String com.weather.bigdata.it.cluster.htmlController.submit.submit()
2019-04-29 20:14:29.293 [restartedMain] [org.springframework.web.servlet.mvc.method.annotation.RequestMappingHandlerMapping] [INFO] - Mapped "{[/submit/helloworld],methods=[GET]}" onto public java.lang.String com.weather.bigdata.it.cluster.htmlController.submit.hello()
2019-04-29 20:14:29.294 [restartedMain] [org.springframework.web.servlet.mvc.method.annotation.RequestMappingHandlerMapping] [INFO] - Mapped "{[/error]}" onto public org.springframework.http.ResponseEntity<java.util.Map<java.lang.String, java.lang.Object>> org.springframework.boot.autoconfigure.web.BasicErrorController.error(javax.servlet.http.HttpServletRequest)
2019-04-29 20:14:29.295 [restartedMain] [org.springframework.web.servlet.mvc.method.annotation.RequestMappingHandlerMapping] [INFO] - Mapped "{[/error],produces=[text/html]}" onto public org.springframework.web.servlet.ModelAndView org.springframework.boot.autoconfigure.web.BasicErrorController.errorHtml(javax.servlet.http.HttpServletRequest,javax.servlet.http.HttpServletResponse)
2019-04-29 20:14:29.327 [restartedMain] [org.springframework.web.servlet.handler.SimpleUrlHandlerMapping] [INFO] - Mapped URL path [/webjars/**] onto handler of type [class org.springframework.web.servlet.resource.ResourceHttpRequestHandler]
2019-04-29 20:14:29.327 [restartedMain] [org.springframework.web.servlet.handler.SimpleUrlHandlerMapping] [INFO] - Mapped URL path [/**] onto handler of type [class org.springframework.web.servlet.resource.ResourceHttpRequestHandler]
2019-04-29 20:14:29.381 [restartedMain] [org.springframework.web.servlet.handler.SimpleUrlHandlerMapping] [INFO] - Mapped URL path [/**/favicon.ico] onto handler of type [class org.springframework.web.servlet.resource.ResourceHttpRequestHandler]
2019-04-29 20:14:29.998 [restartedMain] [org.springframework.boot.devtools.autoconfigure.OptionalLiveReloadServer] [INFO] - LiveReload server is running on port 35729
2019-04-29 20:14:30.139 [restartedMain] [org.springframework.jmx.export.annotation.AnnotationMBeanExporter] [INFO] - Registering beans for JMX exposure on startup
2019-04-29 20:14:30.151 [restartedMain] [org.apache.coyote.http11.Http11NioProtocol] [INFO] - Starting ProtocolHandler ["http-nio-8081"]
2019-04-29 20:14:30.163 [restartedMain] [org.apache.tomcat.util.net.NioSelectorPool] [INFO] - Using a shared selector for servlet write/read
2019-04-29 20:14:30.183 [restartedMain] [org.springframework.boot.context.embedded.tomcat.TomcatEmbeddedServletContainer] [INFO] - Tomcat started on port(s): 8081 (http)
2019-04-29 20:14:30.194 [restartedMain] [com.weather.bigdata.it.cluster.Application] [INFO] - Started Application in 4.719 seconds (JVM running for 6.568)
2019-04-29 20:14:32.967 [http-nio-8081-exec-1] [org.apache.catalina.core.ContainerBase.[Tomcat].[localhost].[/]] [INFO] - Initializing Spring FrameworkServlet 'dispatcherServlet'
2019-04-29 20:14:32.967 [http-nio-8081-exec-1] [org.springframework.web.servlet.DispatcherServlet] [INFO] - FrameworkServlet 'dispatcherServlet': initialization started
2019-04-29 20:14:32.989 [http-nio-8081-exec-1] [org.springframework.web.servlet.DispatcherServlet] [INFO] - FrameworkServlet 'dispatcherServlet': initialization completed in 22 ms
2019-04-29 20:14:33.088 [http-nio-8081-exec-1] [com.weather.bigdata.it.cluster.db.localDB] [INFO] - accountFile=/F:/WorkSpace/IDEAWorkSpace/spark_hdfs_server/src/test/resources_out/accountRegistration.properties
2019-04-29 20:14:33.458 [http-nio-8081-exec-1] [com.weather.bigdata.it.cluster.verification] [INFO] - lijing注册通过,身份为mt
2019-04-29 20:14:33.458 [http-nio-8081-exec-1] [com.weather.bigdata.it.cluster.verification] [INFO] - lijing;remoteUser(null),remoteHost(127.0.0.1:52004),remoteAddr(127.0.0.1)
2019-04-29 20:15:45.248 [http-nio-8081-exec-1] [com.weather.bigdata.it.cluster.controller.upload] [INFO] - 文件【pom.xml】上传成功。;文件写入时间:0s,写入地址:file:/F:/tmp/grib_spark_platform/region0/signalLib/test//pom.xml
2019-04-29 20:15:45.248 [http-nio-8081-exec-1] [com.weather.bigdata.it.cluster.controller.upload] [INFO] - 用户lijing请求上传部署
2019-04-29 20:15:45.314 [http-nio-8081-exec-1] [com.weather.bigdata.it.cluster.controller.upload] [INFO] - 用户请求重启服务，服务器返回结果为：{"isMt":"true","msg":"文件【pom.xml】上传成功。","fileName":"pom.xml","role":"mt","isRoot":"true","isIt":"true","pass":"true","isAdmin1":"true","isAdmin0":"true","服务返回时间":"Mon Apr 29 20:15:45 CST 2019","服务返回时间戳":"1556540145249","register":"false","status":"success"}。
2019-04-29 20:16:52.132 [restartedMain] [com.weather.bigdata.it.cluster.Application] [INFO] - Starting Application on Felix-PC with PID 4612 (F:\WorkSpace\IDEAWorkSpace\spark_hdfs_server\target\classes started by wingc in F:\WorkSpace\IDEAWorkSpace\spark_hdfs_server)
2019-04-29 20:16:52.133 [restartedMain] [com.weather.bigdata.it.cluster.Application] [INFO] - The following profiles are active: prod
2019-04-29 20:16:52.404 [restartedMain] [org.springframework.boot.context.embedded.AnnotationConfigEmbeddedWebApplicationContext] [INFO] - Refreshing org.springframework.boot.context.embedded.AnnotationConfigEmbeddedWebApplicationContext@1876ed6b: startup date [Mon Apr 29 20:16:52 CST 2019]; root of context hierarchy
2019-04-29 20:16:52.445 [background-preinit] [org.hibernate.validator.internal.util.Version] [INFO] - HV000001: Hibernate Validator 5.3.6.Final
2019-04-29 20:16:53.718 [restartedMain] [org.springframework.beans.factory.annotation.AutowiredAnnotationBeanPostProcessor] [INFO] - JSR-330 'javax.inject.Inject' annotation found and supported for autowiring
2019-04-29 20:16:54.543 [restartedMain] [org.springframework.boot.context.embedded.tomcat.TomcatEmbeddedServletContainer] [INFO] - Tomcat initialized with port(s): 8081 (http)
2019-04-29 20:16:54.565 [restartedMain] [org.apache.coyote.http11.Http11NioProtocol] [INFO] - Initializing ProtocolHandler ["http-nio-8081"]
2019-04-29 20:16:54.579 [restartedMain] [org.apache.catalina.core.StandardService] [INFO] - Starting service [Tomcat]
2019-04-29 20:16:54.580 [restartedMain] [org.apache.catalina.core.StandardEngine] [INFO] - Starting Servlet Engine: Apache Tomcat/8.5.34
2019-04-29 20:16:54.725 [localhost-startStop-1] [org.apache.catalina.core.ContainerBase.[Tomcat].[localhost].[/]] [INFO] - Initializing Spring embedded WebApplicationContext
2019-04-29 20:16:54.726 [localhost-startStop-1] [org.springframework.web.context.ContextLoader] [INFO] - Root WebApplicationContext: initialization completed in 2322 ms
2019-04-29 20:16:54.888 [localhost-startStop-1] [org.springframework.boot.web.servlet.ServletRegistrationBean] [INFO] - Mapping servlet: 'dispatcherServlet' to [/]
2019-04-29 20:16:54.893 [localhost-startStop-1] [org.springframework.boot.web.servlet.FilterRegistrationBean] [INFO] - Mapping filter: 'characterEncodingFilter' to: [/*]
2019-04-29 20:16:54.894 [localhost-startStop-1] [org.springframework.boot.web.servlet.FilterRegistrationBean] [INFO] - Mapping filter: 'hiddenHttpMethodFilter' to: [/*]
2019-04-29 20:16:54.894 [localhost-startStop-1] [org.springframework.boot.web.servlet.FilterRegistrationBean] [INFO] - Mapping filter: 'httpPutFormContentFilter' to: [/*]
2019-04-29 20:16:54.894 [localhost-startStop-1] [org.springframework.boot.web.servlet.FilterRegistrationBean] [INFO] - Mapping filter: 'requestContextFilter' to: [/*]
2019-04-29 20:16:55.320 [restartedMain] [org.springframework.web.servlet.mvc.method.annotation.RequestMappingHandlerAdapter] [INFO] - Looking for @ControllerAdvice: org.springframework.boot.context.embedded.AnnotationConfigEmbeddedWebApplicationContext@1876ed6b: startup date [Mon Apr 29 20:16:52 CST 2019]; root of context hierarchy
2019-04-29 20:16:55.391 [restartedMain] [org.springframework.web.servlet.mvc.method.annotation.RequestMappingHandlerMapping] [INFO] - Mapped "{[/operation/exit],methods=[POST]}" onto public static java.lang.Object com.weather.bigdata.it.cluster.controller.exitApplication.verify(javax.servlet.http.HttpServletRequest,java.lang.String,java.lang.String)
2019-04-29 20:16:55.392 [restartedMain] [org.springframework.web.servlet.mvc.method.annotation.RequestMappingHandlerMapping] [INFO] - Mapped "{[/submit/job],methods=[POST]}" onto public static java.lang.Object com.weather.bigdata.it.cluster.controller.job.verify(javax.servlet.http.HttpServletRequest,java.lang.String,java.lang.String,java.lang.String,java.lang.String,java.lang.String)
2019-04-29 20:16:55.393 [restartedMain] [org.springframework.web.servlet.mvc.method.annotation.RequestMappingHandlerMapping] [INFO] - Mapped "{[/operation/mvjar],methods=[POST]}" onto public static java.lang.Object com.weather.bigdata.it.cluster.controller.mvjar.verify(javax.servlet.http.HttpServletRequest,java.lang.String,java.lang.String,java.lang.String,java.lang.String,java.lang.String)
2019-04-29 20:16:55.393 [restartedMain] [org.springframework.web.servlet.mvc.method.annotation.RequestMappingHandlerMapping] [INFO] - Mapped "{[/reset/delete],methods=[POST]}" onto public static java.lang.Object com.weather.bigdata.it.cluster.controller.resetdelete.verify(javax.servlet.http.HttpServletRequest,java.lang.String,java.lang.String,java.lang.String,java.lang.String)
2019-04-29 20:16:55.393 [restartedMain] [org.springframework.web.servlet.mvc.method.annotation.RequestMappingHandlerMapping] [INFO] - Mapped "{[/deploy/upload],methods=[POST]}" onto public static java.lang.Object com.weather.bigdata.it.cluster.controller.upload.verify(javax.servlet.http.HttpServletRequest,java.lang.String,java.lang.String,java.lang.String,java.lang.String,org.springframework.web.multipart.MultipartFile)
2019-04-29 20:16:55.394 [restartedMain] [org.springframework.web.servlet.mvc.method.annotation.RequestMappingHandlerMapping] [INFO] - Mapped "{[/deploy/uploadMyself],methods=[POST]}" onto public static java.lang.Object com.weather.bigdata.it.cluster.controller.uploadMyself.verify(javax.servlet.http.HttpServletRequest,java.lang.String,java.lang.String,java.lang.String,org.springframework.web.multipart.MultipartFile)
2019-04-29 20:16:55.394 [restartedMain] [org.springframework.web.servlet.mvc.method.annotation.RequestMappingHandlerMapping] [INFO] - Mapped "{[/deploy/reparameter],methods=[POST]}" onto public static java.lang.Object com.weather.bigdata.it.cluster.controller.uploadParameter.verify(javax.servlet.http.HttpServletRequest,java.lang.String,java.lang.String,java.lang.String,org.springframework.web.multipart.MultipartFile)
2019-04-29 20:16:55.397 [restartedMain] [org.springframework.web.servlet.mvc.method.annotation.RequestMappingHandlerMapping] [INFO] - Mapped "{[/deploy],methods=[GET]}" onto public java.lang.String com.weather.bigdata.it.cluster.htmlController.deploy.deploy()
2019-04-29 20:16:55.397 [restartedMain] [org.springframework.web.servlet.mvc.method.annotation.RequestMappingHandlerMapping] [INFO] - Mapped "{[/deploy/helloworld],methods=[GET]}" onto public java.lang.String com.weather.bigdata.it.cluster.htmlController.deploy.hello()
2019-04-29 20:16:55.398 [restartedMain] [org.springframework.web.servlet.mvc.method.annotation.RequestMappingHandlerMapping] [INFO] - Mapped "{[/deployMyself/helloworld],methods=[GET]}" onto public java.lang.String com.weather.bigdata.it.cluster.htmlController.deployMyself.hello()
2019-04-29 20:16:55.398 [restartedMain] [org.springframework.web.servlet.mvc.method.annotation.RequestMappingHandlerMapping] [INFO] - Mapped "{[/deployMyself],methods=[GET]}" onto public java.lang.String com.weather.bigdata.it.cluster.htmlController.deployMyself.deployMyself()
2019-04-29 20:16:55.399 [restartedMain] [org.springframework.web.servlet.mvc.method.annotation.RequestMappingHandlerMapping] [INFO] - Mapped "{[/exit],methods=[GET]}" onto public java.lang.String com.weather.bigdata.it.cluster.htmlController.exit.exit()
2019-04-29 20:16:55.399 [restartedMain] [org.springframework.web.servlet.mvc.method.annotation.RequestMappingHandlerMapping] [INFO] - Mapped "{[/exit/helloworld],methods=[GET]}" onto public java.lang.String com.weather.bigdata.it.cluster.htmlController.exit.hello()
2019-04-29 20:16:55.400 [restartedMain] [org.springframework.web.servlet.mvc.method.annotation.RequestMappingHandlerMapping] [INFO] - Mapped "{[/mvregion],methods=[GET]}" onto public java.lang.String com.weather.bigdata.it.cluster.htmlController.mvregion.mvregion()
2019-04-29 20:16:55.400 [restartedMain] [org.springframework.web.servlet.mvc.method.annotation.RequestMappingHandlerMapping] [INFO] - Mapped "{[/mvregion/helloworld],methods=[GET]}" onto public java.lang.String com.weather.bigdata.it.cluster.htmlController.mvregion.hello()
2019-04-29 20:16:55.401 [restartedMain] [org.springframework.web.servlet.mvc.method.annotation.RequestMappingHandlerMapping] [INFO] - Mapped "{[/reparameter],methods=[GET]}" onto public java.lang.String com.weather.bigdata.it.cluster.htmlController.reparameter.reparameter()
2019-04-29 20:16:55.401 [restartedMain] [org.springframework.web.servlet.mvc.method.annotation.RequestMappingHandlerMapping] [INFO] - Mapped "{[/reparameter/helloworld],methods=[GET]}" onto public java.lang.String com.weather.bigdata.it.cluster.htmlController.reparameter.hello()
2019-04-29 20:16:55.402 [restartedMain] [org.springframework.web.servlet.mvc.method.annotation.RequestMappingHandlerMapping] [INFO] - Mapped "{[/reset],methods=[GET]}" onto public java.lang.String com.weather.bigdata.it.cluster.htmlController.reset.reset()
2019-04-29 20:16:55.402 [restartedMain] [org.springframework.web.servlet.mvc.method.annotation.RequestMappingHandlerMapping] [INFO] - Mapped "{[/reset/helloworld],methods=[GET]}" onto public java.lang.String com.weather.bigdata.it.cluster.htmlController.reset.hello()
2019-04-29 20:16:55.403 [restartedMain] [org.springframework.web.servlet.mvc.method.annotation.RequestMappingHandlerMapping] [INFO] - Mapped "{[/submit],methods=[GET]}" onto public java.lang.String com.weather.bigdata.it.cluster.htmlController.submit.submit()
2019-04-29 20:16:55.403 [restartedMain] [org.springframework.web.servlet.mvc.method.annotation.RequestMappingHandlerMapping] [INFO] - Mapped "{[/submit/helloworld],methods=[GET]}" onto public java.lang.String com.weather.bigdata.it.cluster.htmlController.submit.hello()
2019-04-29 20:16:55.405 [restartedMain] [org.springframework.web.servlet.mvc.method.annotation.RequestMappingHandlerMapping] [INFO] - Mapped "{[/error]}" onto public org.springframework.http.ResponseEntity<java.util.Map<java.lang.String, java.lang.Object>> org.springframework.boot.autoconfigure.web.BasicErrorController.error(javax.servlet.http.HttpServletRequest)
2019-04-29 20:16:55.406 [restartedMain] [org.springframework.web.servlet.mvc.method.annotation.RequestMappingHandlerMapping] [INFO] - Mapped "{[/error],produces=[text/html]}" onto public org.springframework.web.servlet.ModelAndView org.springframework.boot.autoconfigure.web.BasicErrorController.errorHtml(javax.servlet.http.HttpServletRequest,javax.servlet.http.HttpServletResponse)
2019-04-29 20:16:55.439 [restartedMain] [org.springframework.web.servlet.handler.SimpleUrlHandlerMapping] [INFO] - Mapped URL path [/webjars/**] onto handler of type [class org.springframework.web.servlet.resource.ResourceHttpRequestHandler]
2019-04-29 20:16:55.439 [restartedMain] [org.springframework.web.servlet.handler.SimpleUrlHandlerMapping] [INFO] - Mapped URL path [/**] onto handler of type [class org.springframework.web.servlet.resource.ResourceHttpRequestHandler]
2019-04-29 20:16:55.488 [restartedMain] [org.springframework.web.servlet.handler.SimpleUrlHandlerMapping] [INFO] - Mapped URL path [/**/favicon.ico] onto handler of type [class org.springframework.web.servlet.resource.ResourceHttpRequestHandler]
2019-04-29 20:16:56.112 [restartedMain] [org.springframework.boot.devtools.autoconfigure.OptionalLiveReloadServer] [INFO] - LiveReload server is running on port 35729
2019-04-29 20:16:56.262 [restartedMain] [org.springframework.jmx.export.annotation.AnnotationMBeanExporter] [INFO] - Registering beans for JMX exposure on startup
2019-04-29 20:16:56.279 [restartedMain] [org.apache.coyote.http11.Http11NioProtocol] [INFO] - Starting ProtocolHandler ["http-nio-8081"]
2019-04-29 20:16:56.294 [restartedMain] [org.apache.tomcat.util.net.NioSelectorPool] [INFO] - Using a shared selector for servlet write/read
2019-04-29 20:16:56.312 [restartedMain] [org.springframework.boot.context.embedded.tomcat.TomcatEmbeddedServletContainer] [INFO] - Tomcat started on port(s): 8081 (http)
2019-04-29 20:16:56.323 [restartedMain] [com.weather.bigdata.it.cluster.Application] [INFO] - Started Application in 4.727 seconds (JVM running for 6.555)
2019-04-29 20:17:13.812 [http-nio-8081-exec-1] [org.apache.catalina.core.ContainerBase.[Tomcat].[localhost].[/]] [INFO] - Initializing Spring FrameworkServlet 'dispatcherServlet'
2019-04-29 20:17:13.812 [http-nio-8081-exec-1] [org.springframework.web.servlet.DispatcherServlet] [INFO] - FrameworkServlet 'dispatcherServlet': initialization started
2019-04-29 20:17:13.837 [http-nio-8081-exec-1] [org.springframework.web.servlet.DispatcherServlet] [INFO] - FrameworkServlet 'dispatcherServlet': initialization completed in 25 ms
2019-04-29 20:29:00.547 [http-nio-8081-exec-1] [com.weather.bigdata.it.cluster.db.localDB] [INFO] - accountFile=/F:/WorkSpace/IDEAWorkSpace/spark_hdfs_server/src/test/resources_out/accountRegistration.properties
2019-04-29 20:30:19.834 [http-nio-8081-exec-1] [com.weather.bigdata.it.cluster.verification] [INFO] - lijing注册通过,身份为mt
2019-04-29 20:31:13.423 [http-nio-8081-exec-1] [com.weather.bigdata.it.cluster.verification] [INFO] - lijing;remoteUser(null),remoteHost(127.0.0.1:52093),remoteAddr(127.0.0.1)
2019-04-29 20:31:13.558 [http-nio-8081-exec-1] [com.weather.bigdata.it.cluster.controller.upload] [INFO] - 文件【classes.timestamp】上传成功。;文件写入时间:0s,写入地址:file:/F:/tmp/grib_spark_platform/region0/signalLib/test//classes.timestamp
2019-04-29 20:31:13.558 [http-nio-8081-exec-1] [com.weather.bigdata.it.cluster.controller.upload] [INFO] - 用户lijing请求上传部署
2019-04-29 20:32:49.658 [restartedMain] [com.weather.bigdata.it.cluster.Application] [INFO] - Starting Application on Felix-PC with PID 21000 (F:\WorkSpace\IDEAWorkSpace\spark_hdfs_server\target\classes started by wingc in F:\WorkSpace\IDEAWorkSpace\spark_hdfs_server)
2019-04-29 20:32:49.659 [restartedMain] [com.weather.bigdata.it.cluster.Application] [INFO] - The following profiles are active: prod
2019-04-29 20:32:49.955 [restartedMain] [org.springframework.boot.context.embedded.AnnotationConfigEmbeddedWebApplicationContext] [INFO] - Refreshing org.springframework.boot.context.embedded.AnnotationConfigEmbeddedWebApplicationContext@7ea2836d: startup date [Mon Apr 29 20:32:49 CST 2019]; root of context hierarchy
2019-04-29 20:32:49.990 [background-preinit] [org.hibernate.validator.internal.util.Version] [INFO] - HV000001: Hibernate Validator 5.3.6.Final
2019-04-29 20:32:51.046 [restartedMain] [org.springframework.beans.factory.annotation.AutowiredAnnotationBeanPostProcessor] [INFO] - JSR-330 'javax.inject.Inject' annotation found and supported for autowiring
2019-04-29 20:32:51.738 [restartedMain] [org.springframework.boot.context.embedded.tomcat.TomcatEmbeddedServletContainer] [INFO] - Tomcat initialized with port(s): 8081 (http)
2019-04-29 20:32:51.752 [restartedMain] [org.apache.coyote.http11.Http11NioProtocol] [INFO] - Initializing ProtocolHandler ["http-nio-8081"]
2019-04-29 20:32:51.763 [restartedMain] [org.apache.catalina.core.StandardService] [INFO] - Starting service [Tomcat]
2019-04-29 20:32:51.763 [restartedMain] [org.apache.catalina.core.StandardEngine] [INFO] - Starting Servlet Engine: Apache Tomcat/8.5.34
2019-04-29 20:32:51.898 [localhost-startStop-1] [org.apache.catalina.core.ContainerBase.[Tomcat].[localhost].[/]] [INFO] - Initializing Spring embedded WebApplicationContext
2019-04-29 20:32:51.898 [localhost-startStop-1] [org.springframework.web.context.ContextLoader] [INFO] - Root WebApplicationContext: initialization completed in 1943 ms
2019-04-29 20:32:52.047 [localhost-startStop-1] [org.springframework.boot.web.servlet.ServletRegistrationBean] [INFO] - Mapping servlet: 'dispatcherServlet' to [/]
2019-04-29 20:32:52.052 [localhost-startStop-1] [org.springframework.boot.web.servlet.FilterRegistrationBean] [INFO] - Mapping filter: 'characterEncodingFilter' to: [/*]
2019-04-29 20:32:52.052 [localhost-startStop-1] [org.springframework.boot.web.servlet.FilterRegistrationBean] [INFO] - Mapping filter: 'hiddenHttpMethodFilter' to: [/*]
2019-04-29 20:32:52.052 [localhost-startStop-1] [org.springframework.boot.web.servlet.FilterRegistrationBean] [INFO] - Mapping filter: 'httpPutFormContentFilter' to: [/*]
2019-04-29 20:32:52.052 [localhost-startStop-1] [org.springframework.boot.web.servlet.FilterRegistrationBean] [INFO] - Mapping filter: 'requestContextFilter' to: [/*]
2019-04-29 20:32:52.413 [restartedMain] [org.springframework.web.servlet.mvc.method.annotation.RequestMappingHandlerAdapter] [INFO] - Looking for @ControllerAdvice: org.springframework.boot.context.embedded.AnnotationConfigEmbeddedWebApplicationContext@7ea2836d: startup date [Mon Apr 29 20:32:49 CST 2019]; root of context hierarchy
2019-04-29 20:32:52.509 [restartedMain] [org.springframework.web.servlet.mvc.method.annotation.RequestMappingHandlerMapping] [INFO] - Mapped "{[/operation/exit],methods=[POST]}" onto public static java.lang.Object com.weather.bigdata.it.cluster.controller.exitApplication.verify(javax.servlet.http.HttpServletRequest,java.lang.String,java.lang.String)
2019-04-29 20:32:52.511 [restartedMain] [org.springframework.web.servlet.mvc.method.annotation.RequestMappingHandlerMapping] [INFO] - Mapped "{[/submit/job],methods=[POST]}" onto public static java.lang.Object com.weather.bigdata.it.cluster.controller.job.verify(javax.servlet.http.HttpServletRequest,java.lang.String,java.lang.String,java.lang.String,java.lang.String,java.lang.String)
2019-04-29 20:32:52.511 [restartedMain] [org.springframework.web.servlet.mvc.method.annotation.RequestMappingHandlerMapping] [INFO] - Mapped "{[/operation/mvjar],methods=[POST]}" onto public static java.lang.Object com.weather.bigdata.it.cluster.controller.mvjar.verify(javax.servlet.http.HttpServletRequest,java.lang.String,java.lang.String,java.lang.String,java.lang.String,java.lang.String)
2019-04-29 20:32:52.511 [restartedMain] [org.springframework.web.servlet.mvc.method.annotation.RequestMappingHandlerMapping] [INFO] - Mapped "{[/reset/delete],methods=[POST]}" onto public static java.lang.Object com.weather.bigdata.it.cluster.controller.resetdelete.verify(javax.servlet.http.HttpServletRequest,java.lang.String,java.lang.String,java.lang.String,java.lang.String)
2019-04-29 20:32:52.512 [restartedMain] [org.springframework.web.servlet.mvc.method.annotation.RequestMappingHandlerMapping] [INFO] - Mapped "{[/deploy/upload],methods=[POST]}" onto public static java.lang.Object com.weather.bigdata.it.cluster.controller.upload.verify(javax.servlet.http.HttpServletRequest,java.lang.String,java.lang.String,java.lang.String,java.lang.String,org.springframework.web.multipart.MultipartFile)
2019-04-29 20:32:52.512 [restartedMain] [org.springframework.web.servlet.mvc.method.annotation.RequestMappingHandlerMapping] [INFO] - Mapped "{[/deploy/uploadMyself],methods=[POST]}" onto public static java.lang.Object com.weather.bigdata.it.cluster.controller.uploadMyself.verify(javax.servlet.http.HttpServletRequest,java.lang.String,java.lang.String,java.lang.String,org.springframework.web.multipart.MultipartFile)
2019-04-29 20:32:52.512 [restartedMain] [org.springframework.web.servlet.mvc.method.annotation.RequestMappingHandlerMapping] [INFO] - Mapped "{[/deploy/reparameter],methods=[POST]}" onto public static java.lang.Object com.weather.bigdata.it.cluster.controller.uploadParameter.verify(javax.servlet.http.HttpServletRequest,java.lang.String,java.lang.String,java.lang.String,org.springframework.web.multipart.MultipartFile)
2019-04-29 20:32:52.516 [restartedMain] [org.springframework.web.servlet.mvc.method.annotation.RequestMappingHandlerMapping] [INFO] - Mapped "{[/deploy],methods=[GET]}" onto public java.lang.String com.weather.bigdata.it.cluster.htmlController.deploy.deploy()
2019-04-29 20:32:52.517 [restartedMain] [org.springframework.web.servlet.mvc.method.annotation.RequestMappingHandlerMapping] [INFO] - Mapped "{[/deploy/helloworld],methods=[GET]}" onto public java.lang.String com.weather.bigdata.it.cluster.htmlController.deploy.hello()
2019-04-29 20:32:52.518 [restartedMain] [org.springframework.web.servlet.mvc.method.annotation.RequestMappingHandlerMapping] [INFO] - Mapped "{[/deployMyself],methods=[GET]}" onto public java.lang.String com.weather.bigdata.it.cluster.htmlController.deployMyself.deployMyself()
2019-04-29 20:32:52.519 [restartedMain] [org.springframework.web.servlet.mvc.method.annotation.RequestMappingHandlerMapping] [INFO] - Mapped "{[/deployMyself/helloworld],methods=[GET]}" onto public java.lang.String com.weather.bigdata.it.cluster.htmlController.deployMyself.hello()
2019-04-29 20:32:52.519 [restartedMain] [org.springframework.web.servlet.mvc.method.annotation.RequestMappingHandlerMapping] [INFO] - Mapped "{[/exit],methods=[GET]}" onto public java.lang.String com.weather.bigdata.it.cluster.htmlController.exit.exit()
2019-04-29 20:32:52.520 [restartedMain] [org.springframework.web.servlet.mvc.method.annotation.RequestMappingHandlerMapping] [INFO] - Mapped "{[/exit/helloworld],methods=[GET]}" onto public java.lang.String com.weather.bigdata.it.cluster.htmlController.exit.hello()
2019-04-29 20:32:52.521 [restartedMain] [org.springframework.web.servlet.mvc.method.annotation.RequestMappingHandlerMapping] [INFO] - Mapped "{[/mvregion],methods=[GET]}" onto public java.lang.String com.weather.bigdata.it.cluster.htmlController.mvregion.mvregion()
2019-04-29 20:32:52.521 [restartedMain] [org.springframework.web.servlet.mvc.method.annotation.RequestMappingHandlerMapping] [INFO] - Mapped "{[/mvregion/helloworld],methods=[GET]}" onto public java.lang.String com.weather.bigdata.it.cluster.htmlController.mvregion.hello()
2019-04-29 20:32:52.522 [restartedMain] [org.springframework.web.servlet.mvc.method.annotation.RequestMappingHandlerMapping] [INFO] - Mapped "{[/reparameter],methods=[GET]}" onto public java.lang.String com.weather.bigdata.it.cluster.htmlController.reparameter.reparameter()
2019-04-29 20:32:52.523 [restartedMain] [org.springframework.web.servlet.mvc.method.annotation.RequestMappingHandlerMapping] [INFO] - Mapped "{[/reparameter/helloworld],methods=[GET]}" onto public java.lang.String com.weather.bigdata.it.cluster.htmlController.reparameter.hello()
2019-04-29 20:32:52.524 [restartedMain] [org.springframework.web.servlet.mvc.method.annotation.RequestMappingHandlerMapping] [INFO] - Mapped "{[/reset],methods=[GET]}" onto public java.lang.String com.weather.bigdata.it.cluster.htmlController.reset.reset()
2019-04-29 20:32:52.525 [restartedMain] [org.springframework.web.servlet.mvc.method.annotation.RequestMappingHandlerMapping] [INFO] - Mapped "{[/reset/helloworld],methods=[GET]}" onto public java.lang.String com.weather.bigdata.it.cluster.htmlController.reset.hello()
2019-04-29 20:32:52.526 [restartedMain] [org.springframework.web.servlet.mvc.method.annotation.RequestMappingHandlerMapping] [INFO] - Mapped "{[/submit],methods=[GET]}" onto public java.lang.String com.weather.bigdata.it.cluster.htmlController.submit.submit()
2019-04-29 20:32:52.526 [restartedMain] [org.springframework.web.servlet.mvc.method.annotation.RequestMappingHandlerMapping] [INFO] - Mapped "{[/submit/helloworld],methods=[GET]}" onto public java.lang.String com.weather.bigdata.it.cluster.htmlController.submit.hello()
2019-04-29 20:32:52.529 [restartedMain] [org.springframework.web.servlet.mvc.method.annotation.RequestMappingHandlerMapping] [INFO] - Mapped "{[/error]}" onto public org.springframework.http.ResponseEntity<java.util.Map<java.lang.String, java.lang.Object>> org.springframework.boot.autoconfigure.web.BasicErrorController.error(javax.servlet.http.HttpServletRequest)
2019-04-29 20:32:52.529 [restartedMain] [org.springframework.web.servlet.mvc.method.annotation.RequestMappingHandlerMapping] [INFO] - Mapped "{[/error],produces=[text/html]}" onto public org.springframework.web.servlet.ModelAndView org.springframework.boot.autoconfigure.web.BasicErrorController.errorHtml(javax.servlet.http.HttpServletRequest,javax.servlet.http.HttpServletResponse)
2019-04-29 20:32:52.580 [restartedMain] [org.springframework.web.servlet.handler.SimpleUrlHandlerMapping] [INFO] - Mapped URL path [/webjars/**] onto handler of type [class org.springframework.web.servlet.resource.ResourceHttpRequestHandler]
2019-04-29 20:32:52.580 [restartedMain] [org.springframework.web.servlet.handler.SimpleUrlHandlerMapping] [INFO] - Mapped URL path [/**] onto handler of type [class org.springframework.web.servlet.resource.ResourceHttpRequestHandler]
2019-04-29 20:32:52.628 [restartedMain] [org.springframework.web.servlet.handler.SimpleUrlHandlerMapping] [INFO] - Mapped URL path [/**/favicon.ico] onto handler of type [class org.springframework.web.servlet.resource.ResourceHttpRequestHandler]
2019-04-29 20:32:53.188 [restartedMain] [org.springframework.boot.devtools.autoconfigure.OptionalLiveReloadServer] [INFO] - LiveReload server is running on port 35729
2019-04-29 20:32:53.229 [restartedMain] [org.springframework.jmx.export.annotation.AnnotationMBeanExporter] [INFO] - Registering beans for JMX exposure on startup
2019-04-29 20:32:53.238 [restartedMain] [org.apache.coyote.http11.Http11NioProtocol] [INFO] - Starting ProtocolHandler ["http-nio-8081"]
2019-04-29 20:32:53.247 [restartedMain] [org.apache.tomcat.util.net.NioSelectorPool] [INFO] - Using a shared selector for servlet write/read
2019-04-29 20:32:53.258 [restartedMain] [org.springframework.boot.context.embedded.tomcat.TomcatEmbeddedServletContainer] [INFO] - Tomcat started on port(s): 8081 (http)
2019-04-29 20:32:53.265 [restartedMain] [com.weather.bigdata.it.cluster.Application] [INFO] - Started Application in 4.203 seconds (JVM running for 5.021)
2019-04-29 20:33:03.366 [http-nio-8081-exec-2] [org.apache.catalina.core.ContainerBase.[Tomcat].[localhost].[/]] [INFO] - Initializing Spring FrameworkServlet 'dispatcherServlet'
2019-04-29 20:33:03.367 [http-nio-8081-exec-2] [org.springframework.web.servlet.DispatcherServlet] [INFO] - FrameworkServlet 'dispatcherServlet': initialization started
2019-04-29 20:33:03.385 [http-nio-8081-exec-2] [org.springframework.web.servlet.DispatcherServlet] [INFO] - FrameworkServlet 'dispatcherServlet': initialization completed in 17 ms
2019-04-29 20:33:03.448 [http-nio-8081-exec-2] [com.weather.bigdata.it.cluster.db.localDB] [INFO] - accountFile=/F:/WorkSpace/IDEAWorkSpace/spark_hdfs_server/src/test/resources_out/accountRegistration.properties
2019-04-29 20:33:03.786 [http-nio-8081-exec-2] [com.weather.bigdata.it.cluster.verification] [INFO] - lijing注册通过,身份为mt
2019-04-29 20:33:03.787 [http-nio-8081-exec-2] [com.weather.bigdata.it.cluster.verification] [INFO] - lijing;remoteUser(null),remoteHost(127.0.0.1:52488),remoteAddr(127.0.0.1)
2019-04-29 20:33:03.787 [http-nio-8081-exec-2] [com.weather.bigdata.it.cluster.controller.upload] [INFO] - 用户lijing请求上传部署
2019-04-29 20:33:03.842 [http-nio-8081-exec-2] [com.weather.bigdata.it.cluster.controller.upload] [INFO] - 用户请求重启服务，服务器返回结果为：{"isMt":"true","role":"mt","服务返回时间":"Mon Apr 29 20:33:03 CST 2019","isRoot":"false","isIt":"false","upload_Msg":"不可直接部署线上区域、准线上区域","pass":"true","服务返回时间戳":"1556541183787","isAdmin1":"false","isAdmin0":"false","register":"false"}。
